[debug] [2023-11-09T09:55:34.737Z] ----------------------------------------------------------------------
[debug] [2023-11-09T09:55:34.739Z] Command:       C:\Program Files\nodejs\node.exe C:\Users\vasil\AppData\Roaming\npm\node_modules\firebase-tools\lib\bin\firebase.js emulators:start
[debug] [2023-11-09T09:55:34.740Z] CLI Version:   12.8.1
[debug] [2023-11-09T09:55:34.740Z] Platform:      win32
[debug] [2023-11-09T09:55:34.741Z] Node Version:  v18.0.0
[debug] [2023-11-09T09:55:34.742Z] Time:          Thu Nov 09 2023 11:55:34 GMT+0200 (Eastern European Standard Time)
[debug] [2023-11-09T09:55:34.742Z] ----------------------------------------------------------------------
[debug] 
[debug] [2023-11-09T09:55:35.018Z] > command requires scopes: ["email","openid","https://www.googleapis.com/auth/cloudplatformprojects.readonly","https://www.googleapis.com/auth/firebase","https://www.googleapis.com/auth/cloud-platform"]
[debug] [2023-11-09T09:55:35.019Z] > authorizing via signed-in user (vasilecarpconsulting@gmail.com)
[info] i  emulators: Starting emulators: functions, hosting {"metadata":{"emulator":{"name":"hub"},"message":"Starting emulators: functions, hosting"}}
[debug] [2023-11-09T09:55:35.048Z] [logging] Logging Emulator only supports listening on one address (127.0.0.1). Not listening on ::1
[debug] [2023-11-09T09:55:35.048Z] [hosting] Hosting Emulator only supports listening on one address (127.0.0.1). Not listening on ::1
[debug] [2023-11-09T09:55:35.049Z] assigned listening specs for emulators {"user":{"hub":[{"address":"127.0.0.1","family":"IPv4","port":4400},{"address":"::1","family":"IPv6","port":4400}],"ui":[{"address":"127.0.0.1","family":"IPv4","port":4000},{"address":"::1","family":"IPv6","port":4000}],"logging":[{"address":"127.0.0.1","family":"IPv4","port":4500}],"hosting":[{"address":"127.0.0.1","family":"IPv4","port":5000}]},"metadata":{"message":"assigned listening specs for emulators"}}
[debug] [2023-11-09T09:55:35.109Z] [hub] writing locator at C:\Users\vasil\AppData\Local\Temp\hub-clone-6764a.json
[debug] [2023-11-09T09:55:35.154Z] [functions] Functions Emulator only supports listening on one address (127.0.0.1). Not listening on ::1
[debug] [2023-11-09T09:55:35.154Z] [eventarc] Eventarc Emulator only supports listening on one address (127.0.0.1). Not listening on ::1
[debug] [2023-11-09T09:55:35.154Z] late-assigned ports for functions and eventarc emulators {"user":{"hub":[{"address":"127.0.0.1","family":"IPv4","port":4400},{"address":"::1","family":"IPv6","port":4400}],"ui":[{"address":"127.0.0.1","family":"IPv4","port":4000},{"address":"::1","family":"IPv6","port":4000}],"logging":[{"address":"127.0.0.1","family":"IPv4","port":4500}],"hosting":[{"address":"127.0.0.1","family":"IPv4","port":5000}],"functions":[{"address":"127.0.0.1","family":"IPv4","port":5001}],"eventarc":[{"address":"127.0.0.1","family":"IPv4","port":9299}]},"metadata":{"message":"late-assigned ports for functions and eventarc emulators"}}
[warn] !  functions: The following emulators are not running, calls to these services from the Functions emulator will affect production: auth, firestore, database, pubsub, storage {"metadata":{"emulator":{"name":"functions"},"message":"The following emulators are not running, calls to these services from the Functions emulator will affect production: \u001b[1mauth, firestore, database, pubsub, storage\u001b[22m"}}
[debug] [2023-11-09T09:55:35.167Z] defaultcredentials: writing to file C:\Users\vasil\AppData\Roaming\firebase\vasilecarpconsulting_gmail_com_application_default_credentials.json
[debug] [2023-11-09T09:55:35.173Z] Setting GAC to C:\Users\vasil\AppData\Roaming\firebase\vasilecarpconsulting_gmail_com_application_default_credentials.json {"metadata":{"emulator":{"name":"functions"},"message":"Setting GAC to C:\\Users\\vasil\\AppData\\Roaming\\firebase\\vasilecarpconsulting_gmail_com_application_default_credentials.json"}}
[debug] [2023-11-09T09:55:35.175Z] > refreshing access token with scopes: []
[debug] [2023-11-09T09:55:35.179Z] >>> [apiv2][query] POST https://www.googleapis.com/oauth2/v3/token [none]
[debug] [2023-11-09T09:55:35.179Z] >>> [apiv2][body] POST https://www.googleapis.com/oauth2/v3/token [omitted]
[debug] [2023-11-09T09:55:35.338Z] <<< [apiv2][status] POST https://www.googleapis.com/oauth2/v3/token 200
[debug] [2023-11-09T09:55:35.338Z] <<< [apiv2][body] POST https://www.googleapis.com/oauth2/v3/token [omitted]
[debug] [2023-11-09T09:55:35.354Z] >>> [apiv2][query] GET https://firebase.googleapis.com/v1beta1/projects/clone-6764a/adminSdkConfig [none]
[debug] [2023-11-09T09:55:35.719Z] <<< [apiv2][status] GET https://firebase.googleapis.com/v1beta1/projects/clone-6764a/adminSdkConfig 200
[debug] [2023-11-09T09:55:35.720Z] <<< [apiv2][body] GET https://firebase.googleapis.com/v1beta1/projects/clone-6764a/adminSdkConfig {"projectId":"clone-6764a","storageBucket":"clone-6764a.appspot.com"}
[debug] [2023-11-09T09:55:35.753Z] >>> [apiv2][query] GET https://firebasehosting.googleapis.com/v1beta1/projects/clone-6764a/sites 
[debug] [2023-11-09T09:55:37.202Z] <<< [apiv2][status] GET https://firebasehosting.googleapis.com/v1beta1/projects/clone-6764a/sites 200
[debug] [2023-11-09T09:55:37.202Z] <<< [apiv2][body] GET https://firebasehosting.googleapis.com/v1beta1/projects/clone-6764a/sites {"sites":[{"name":"projects/clone-6764a/sites/clone-6764a","defaultUrl":"https://clone-6764a.web.app","appId":"1:416666050537:web:479daf0464e7d10b337578","type":"DEFAULT_SITE"}]}
[debug] [2023-11-09T09:55:37.202Z] >>> [apiv2][query] GET https://firebase.googleapis.com/v1beta1/projects/clone-6764a/webApps/1:416666050537:web:479daf0464e7d10b337578/config [none]
[debug] [2023-11-09T09:55:38.060Z] <<< [apiv2][status] GET https://firebase.googleapis.com/v1beta1/projects/clone-6764a/webApps/1:416666050537:web:479daf0464e7d10b337578/config 200
[debug] [2023-11-09T09:55:38.060Z] <<< [apiv2][body] GET https://firebase.googleapis.com/v1beta1/projects/clone-6764a/webApps/1:416666050537:web:479daf0464e7d10b337578/config {"projectId":"clone-6764a","appId":"1:416666050537:web:479daf0464e7d10b337578","storageBucket":"clone-6764a.appspot.com","apiKey":"AIzaSyD2j9y9S3qNe22LOEp3mm7sB1hCfD5fr3c","authDomain":"clone-6764a.firebaseapp.com","messagingSenderId":"416666050537"}
[debug] [2023-11-09T09:55:38.068Z] >>> [apiv2][query] GET https://firebase.googleapis.com/v1beta1/projects/clone-6764a [none]
[debug] [2023-11-09T09:55:38.414Z] <<< [apiv2][status] GET https://firebase.googleapis.com/v1beta1/projects/clone-6764a 200
[debug] [2023-11-09T09:55:38.414Z] <<< [apiv2][body] GET https://firebase.googleapis.com/v1beta1/projects/clone-6764a {"projectId":"clone-6764a","projectNumber":"416666050537","displayName":"amazon1-0","name":"projects/clone-6764a","resources":{"hostingSite":"clone-6764a"},"state":"ACTIVE","etag":"1_7e0cc76e-e5a9-46d3-98c5-f8b7575249f8"}
[info] i  hosting[clone-6764a]: Serving hosting files from: build {"metadata":{"emulator":{"name":"hosting"},"message":"Serving hosting files from: \u001b[1mbuild\u001b[22m"}}
[info] +  hosting[clone-6764a]: Local server: http://127.0.0.1:5000 {"metadata":{"emulator":{"name":"hosting"},"message":"Local server: \u001b[4m\u001b[1mhttp://127.0.0.1:5000\u001b[22m\u001b[24m"}}
[info] i  ui: downloading ui-v1.11.7.zip... {"metadata":{"emulator":{"name":"ui"},"message":"downloading ui-v1.11.7.zip..."}}
[debug] [2023-11-09T09:55:38.556Z] >>> [apiv2][query] GET https://storage.googleapis.com/firebase-preview-drop/emulator/ui-v1.11.7.zip 
[debug] [2023-11-09T09:55:38.841Z] <<< [apiv2][status] GET https://storage.googleapis.com/firebase-preview-drop/emulator/ui-v1.11.7.zip 200
[debug] [2023-11-09T09:55:38.841Z] <<< [apiv2][body] GET https://storage.googleapis.com/firebase-preview-drop/emulator/ui-v1.11.7.zip [stream]
[debug] [2023-11-09T09:55:39.109Z] Data is 3064105
[debug] [2023-11-09T09:55:39.110Z] [unzip] Entry: client/ (compressed_size=0 bytes, uncompressed_size=0 bytes)
[debug] [2023-11-09T09:55:39.110Z] [unzip] Processing entry: client\
[debug] [2023-11-09T09:55:39.110Z] [unzip] mkdir: C:\Users\vasil\.cache\firebase\emulators\ui-v1.11.7\client\
[debug] [2023-11-09T09:55:39.111Z] [unzip] Entry: client/favicon.ico (compressed_size=2497 bytes, uncompressed_size=7406 bytes)
[debug] [2023-11-09T09:55:39.111Z] [unzip] Processing entry: client\favicon.ico
[debug] [2023-11-09T09:55:39.111Z] [unzip] else mkdir: C:\Users\vasil\.cache\firebase\emulators\ui-v1.11.7\client
[debug] [2023-11-09T09:55:39.112Z] [unzip] deflating: C:\Users\vasil\.cache\firebase\emulators\ui-v1.11.7\client\favicon.ico
[debug] [2023-11-09T09:55:39.117Z] [unzip] Entry: client/apple-touch-icon.png (compressed_size=7231 bytes, uncompressed_size=7367 bytes)
[debug] [2023-11-09T09:55:39.117Z] [unzip] Processing entry: client\apple-touch-icon.png
[debug] [2023-11-09T09:55:39.117Z] [unzip] else mkdir: C:\Users\vasil\.cache\firebase\emulators\ui-v1.11.7\client
[debug] [2023-11-09T09:55:39.118Z] [unzip] deflating: C:\Users\vasil\.cache\firebase\emulators\ui-v1.11.7\client\apple-touch-icon.png
[debug] [2023-11-09T09:55:39.120Z] [unzip] Entry: client/android-chrome-512x512.png (compressed_size=16987 bytes, uncompressed_size=18186 bytes)
[debug] [2023-11-09T09:55:39.120Z] [unzip] Processing entry: client\android-chrome-512x512.png
[debug] [2023-11-09T09:55:39.120Z] [unzip] else mkdir: C:\Users\vasil\.cache\firebase\emulators\ui-v1.11.7\client
[debug] [2023-11-09T09:55:39.120Z] [unzip] deflating: C:\Users\vasil\.cache\firebase\emulators\ui-v1.11.7\client\android-chrome-512x512.png
[debug] [2023-11-09T09:55:39.122Z] [unzip] Entry: client/assets/ (compressed_size=0 bytes, uncompressed_size=0 bytes)
[debug] [2023-11-09T09:55:39.123Z] [unzip] Processing entry: client\assets\
[debug] [2023-11-09T09:55:39.123Z] [unzip] mkdir: C:\Users\vasil\.cache\firebase\emulators\ui-v1.11.7\client\assets\
[debug] [2023-11-09T09:55:39.123Z] [unzip] Entry: client/assets/extensions/ (compressed_size=0 bytes, uncompressed_size=0 bytes)
[debug] [2023-11-09T09:55:39.123Z] [unzip] Processing entry: client\assets\extensions\
[debug] [2023-11-09T09:55:39.124Z] [unzip] mkdir: C:\Users\vasil\.cache\firebase\emulators\ui-v1.11.7\client\assets\extensions\
[debug] [2023-11-09T09:55:39.124Z] [unzip] Entry: client/assets/extensions/default-extension.png (compressed_size=1646 bytes, uncompressed_size=1657 bytes)
[debug] [2023-11-09T09:55:39.124Z] [unzip] Processing entry: client\assets\extensions\default-extension.png
[debug] [2023-11-09T09:55:39.124Z] [unzip] else mkdir: C:\Users\vasil\.cache\firebase\emulators\ui-v1.11.7\client\assets\extensions
[debug] [2023-11-09T09:55:39.124Z] [unzip] deflating: C:\Users\vasil\.cache\firebase\emulators\ui-v1.11.7\client\assets\extensions\default-extension.png
[debug] [2023-11-09T09:55:39.126Z] [unzip] Entry: client/assets/index.58ca09f7.css (compressed_size=37601 bytes, uncompressed_size=321252 bytes)
[debug] [2023-11-09T09:55:39.127Z] [unzip] Processing entry: client\assets\index.58ca09f7.css
[debug] [2023-11-09T09:55:39.127Z] [unzip] else mkdir: C:\Users\vasil\.cache\firebase\emulators\ui-v1.11.7\client\assets
[debug] [2023-11-09T09:55:39.127Z] [unzip] deflating: C:\Users\vasil\.cache\firebase\emulators\ui-v1.11.7\client\assets\index.58ca09f7.css
[debug] [2023-11-09T09:55:39.133Z] [unzip] Entry: client/assets/index.c2583d42.js (compressed_size=526232 bytes, uncompressed_size=1860152 bytes)
[debug] [2023-11-09T09:55:39.133Z] [unzip] Processing entry: client\assets\index.c2583d42.js
[debug] [2023-11-09T09:55:39.133Z] [unzip] else mkdir: C:\Users\vasil\.cache\firebase\emulators\ui-v1.11.7\client\assets
[debug] [2023-11-09T09:55:39.133Z] [unzip] deflating: C:\Users\vasil\.cache\firebase\emulators\ui-v1.11.7\client\assets\index.c2583d42.js
[debug] [2023-11-09T09:55:39.162Z] [unzip] Entry: client/assets/provider-icons/ (compressed_size=0 bytes, uncompressed_size=0 bytes)
[debug] [2023-11-09T09:55:39.162Z] [unzip] Processing entry: client\assets\provider-icons\
[debug] [2023-11-09T09:55:39.163Z] [unzip] mkdir: C:\Users\vasil\.cache\firebase\emulators\ui-v1.11.7\client\assets\provider-icons\
[debug] [2023-11-09T09:55:39.163Z] [unzip] Entry: client/assets/provider-icons/auth_service_oidc.svg (compressed_size=414 bytes, uncompressed_size=858 bytes)
[debug] [2023-11-09T09:55:39.164Z] [unzip] Processing entry: client\assets\provider-icons\auth_service_oidc.svg
[debug] [2023-11-09T09:55:39.164Z] [unzip] else mkdir: C:\Users\vasil\.cache\firebase\emulators\ui-v1.11.7\client\assets\provider-icons
[debug] [2023-11-09T09:55:39.164Z] [unzip] deflating: C:\Users\vasil\.cache\firebase\emulators\ui-v1.11.7\client\assets\provider-icons\auth_service_oidc.svg
[debug] [2023-11-09T09:55:39.166Z] [unzip] Entry: client/assets/provider-icons/auth_service_yahoo.svg (compressed_size=577 bytes, uncompressed_size=1182 bytes)
[debug] [2023-11-09T09:55:39.166Z] [unzip] Processing entry: client\assets\provider-icons\auth_service_yahoo.svg
[debug] [2023-11-09T09:55:39.166Z] [unzip] else mkdir: C:\Users\vasil\.cache\firebase\emulators\ui-v1.11.7\client\assets\provider-icons
[debug] [2023-11-09T09:55:39.166Z] [unzip] deflating: C:\Users\vasil\.cache\firebase\emulators\ui-v1.11.7\client\assets\provider-icons\auth_service_yahoo.svg
[debug] [2023-11-09T09:55:39.168Z] [unzip] Entry: client/assets/provider-icons/auth_service_phone.svg (compressed_size=261 bytes, uncompressed_size=414 bytes)
[debug] [2023-11-09T09:55:39.168Z] [unzip] Processing entry: client\assets\provider-icons\auth_service_phone.svg
[debug] [2023-11-09T09:55:39.168Z] [unzip] else mkdir: C:\Users\vasil\.cache\firebase\emulators\ui-v1.11.7\client\assets\provider-icons
[debug] [2023-11-09T09:55:39.168Z] [unzip] deflating: C:\Users\vasil\.cache\firebase\emulators\ui-v1.11.7\client\assets\provider-icons\auth_service_phone.svg
[debug] [2023-11-09T09:55:39.171Z] [unzip] Entry: client/assets/provider-icons/auth_service_saml.svg (compressed_size=575 bytes, uncompressed_size=1226 bytes)
[debug] [2023-11-09T09:55:39.171Z] [unzip] Processing entry: client\assets\provider-icons\auth_service_saml.svg
[debug] [2023-11-09T09:55:39.171Z] [unzip] else mkdir: C:\Users\vasil\.cache\firebase\emulators\ui-v1.11.7\client\assets\provider-icons
[debug] [2023-11-09T09:55:39.172Z] [unzip] deflating: C:\Users\vasil\.cache\firebase\emulators\ui-v1.11.7\client\assets\provider-icons\auth_service_saml.svg
[debug] [2023-11-09T09:55:39.174Z] [unzip] Entry: client/assets/provider-icons/auth_service_mslive.svg (compressed_size=203 bytes, uncompressed_size=378 bytes)
[debug] [2023-11-09T09:55:39.174Z] [unzip] Processing entry: client\assets\provider-icons\auth_service_mslive.svg
[debug] [2023-11-09T09:55:39.174Z] [unzip] else mkdir: C:\Users\vasil\.cache\firebase\emulators\ui-v1.11.7\client\assets\provider-icons
[debug] [2023-11-09T09:55:39.175Z] [unzip] deflating: C:\Users\vasil\.cache\firebase\emulators\ui-v1.11.7\client\assets\provider-icons\auth_service_mslive.svg
[debug] [2023-11-09T09:55:39.176Z] [unzip] Entry: client/assets/provider-icons/auth_service_facebook.svg (compressed_size=289 bytes, uncompressed_size=457 bytes)
[debug] [2023-11-09T09:55:39.176Z] [unzip] Processing entry: client\assets\provider-icons\auth_service_facebook.svg
[debug] [2023-11-09T09:55:39.176Z] [unzip] else mkdir: C:\Users\vasil\.cache\firebase\emulators\ui-v1.11.7\client\assets\provider-icons
[debug] [2023-11-09T09:55:39.177Z] [unzip] deflating: C:\Users\vasil\.cache\firebase\emulators\ui-v1.11.7\client\assets\provider-icons\auth_service_facebook.svg
[debug] [2023-11-09T09:55:39.179Z] [unzip] Entry: client/assets/provider-icons/auth_service_play_games.svg (compressed_size=565 bytes, uncompressed_size=1173 bytes)
[debug] [2023-11-09T09:55:39.179Z] [unzip] Processing entry: client\assets\provider-icons\auth_service_play_games.svg
[debug] [2023-11-09T09:55:39.179Z] [unzip] else mkdir: C:\Users\vasil\.cache\firebase\emulators\ui-v1.11.7\client\assets\provider-icons
[debug] [2023-11-09T09:55:39.179Z] [unzip] deflating: C:\Users\vasil\.cache\firebase\emulators\ui-v1.11.7\client\assets\provider-icons\auth_service_play_games.svg
[debug] [2023-11-09T09:55:39.181Z] [unzip] Entry: client/assets/provider-icons/auth_service_github.svg (compressed_size=466 bytes, uncompressed_size=838 bytes)
[debug] [2023-11-09T09:55:39.181Z] [unzip] Processing entry: client\assets\provider-icons\auth_service_github.svg
[debug] [2023-11-09T09:55:39.181Z] [unzip] else mkdir: C:\Users\vasil\.cache\firebase\emulators\ui-v1.11.7\client\assets\provider-icons
[debug] [2023-11-09T09:55:39.182Z] [unzip] deflating: C:\Users\vasil\.cache\firebase\emulators\ui-v1.11.7\client\assets\provider-icons\auth_service_github.svg
[debug] [2023-11-09T09:55:39.184Z] [unzip] Entry: client/assets/provider-icons/auth_service_apple.svg (compressed_size=230 bytes, uncompressed_size=334 bytes)
[debug] [2023-11-09T09:55:39.184Z] [unzip] Processing entry: client\assets\provider-icons\auth_service_apple.svg
[debug] [2023-11-09T09:55:39.184Z] [unzip] else mkdir: C:\Users\vasil\.cache\firebase\emulators\ui-v1.11.7\client\assets\provider-icons
[debug] [2023-11-09T09:55:39.185Z] [unzip] deflating: C:\Users\vasil\.cache\firebase\emulators\ui-v1.11.7\client\assets\provider-icons\auth_service_apple.svg
[debug] [2023-11-09T09:55:39.187Z] [unzip] Entry: client/assets/provider-icons/auth_service_google.svg (compressed_size=409 bytes, uncompressed_size=720 bytes)
[debug] [2023-11-09T09:55:39.187Z] [unzip] Processing entry: client\assets\provider-icons\auth_service_google.svg
[debug] [2023-11-09T09:55:39.187Z] [unzip] else mkdir: C:\Users\vasil\.cache\firebase\emulators\ui-v1.11.7\client\assets\provider-icons
[debug] [2023-11-09T09:55:39.187Z] [unzip] deflating: C:\Users\vasil\.cache\firebase\emulators\ui-v1.11.7\client\assets\provider-icons\auth_service_google.svg
[debug] [2023-11-09T09:55:39.189Z] [unzip] Entry: client/assets/provider-icons/auth_service_email.svg (compressed_size=228 bytes, uncompressed_size=326 bytes)
[debug] [2023-11-09T09:55:39.189Z] [unzip] Processing entry: client\assets\provider-icons\auth_service_email.svg
[debug] [2023-11-09T09:55:39.189Z] [unzip] else mkdir: C:\Users\vasil\.cache\firebase\emulators\ui-v1.11.7\client\assets\provider-icons
[debug] [2023-11-09T09:55:39.190Z] [unzip] deflating: C:\Users\vasil\.cache\firebase\emulators\ui-v1.11.7\client\assets\provider-icons\auth_service_email.svg
[debug] [2023-11-09T09:55:39.191Z] [unzip] Entry: client/assets/provider-icons/auth_service_twitter.svg (compressed_size=444 bytes, uncompressed_size=751 bytes)
[debug] [2023-11-09T09:55:39.191Z] [unzip] Processing entry: client\assets\provider-icons\auth_service_twitter.svg
[debug] [2023-11-09T09:55:39.191Z] [unzip] else mkdir: C:\Users\vasil\.cache\firebase\emulators\ui-v1.11.7\client\assets\provider-icons
[debug] [2023-11-09T09:55:39.192Z] [unzip] deflating: C:\Users\vasil\.cache\firebase\emulators\ui-v1.11.7\client\assets\provider-icons\auth_service_twitter.svg
[debug] [2023-11-09T09:55:39.194Z] [unzip] Entry: client/assets/provider-icons/auth_service_game_center.svg (compressed_size=991 bytes, uncompressed_size=3921 bytes)
[debug] [2023-11-09T09:55:39.194Z] [unzip] Processing entry: client\assets\provider-icons\auth_service_game_center.svg
[debug] [2023-11-09T09:55:39.194Z] [unzip] else mkdir: C:\Users\vasil\.cache\firebase\emulators\ui-v1.11.7\client\assets\provider-icons
[debug] [2023-11-09T09:55:39.195Z] [unzip] deflating: C:\Users\vasil\.cache\firebase\emulators\ui-v1.11.7\client\assets\provider-icons\auth_service_game_center.svg
[debug] [2023-11-09T09:55:39.196Z] [unzip] Entry: client/assets/index.c2583d42.js.map (compressed_size=1778557 bytes, uncompressed_size=7961927 bytes)
[debug] [2023-11-09T09:55:39.197Z] [unzip] Processing entry: client\assets\index.c2583d42.js.map
[debug] [2023-11-09T09:55:39.197Z] [unzip] else mkdir: C:\Users\vasil\.cache\firebase\emulators\ui-v1.11.7\client\assets
[debug] [2023-11-09T09:55:39.197Z] [unzip] deflating: C:\Users\vasil\.cache\firebase\emulators\ui-v1.11.7\client\assets\index.c2583d42.js.map
[debug] [2023-11-09T09:55:39.288Z] [unzip] Entry: client/assets/img/ (compressed_size=0 bytes, uncompressed_size=0 bytes)
[debug] [2023-11-09T09:55:39.288Z] [unzip] Processing entry: client\assets\img\
[debug] [2023-11-09T09:55:39.288Z] [unzip] mkdir: C:\Users\vasil\.cache\firebase\emulators\ui-v1.11.7\client\assets\img\
[debug] [2023-11-09T09:55:39.289Z] [unzip] Entry: client/assets/img/database.png (compressed_size=29449 bytes, uncompressed_size=29988 bytes)
[debug] [2023-11-09T09:55:39.289Z] [unzip] Processing entry: client\assets\img\database.png
[debug] [2023-11-09T09:55:39.289Z] [unzip] else mkdir: C:\Users\vasil\.cache\firebase\emulators\ui-v1.11.7\client\assets\img
[debug] [2023-11-09T09:55:39.289Z] [unzip] deflating: C:\Users\vasil\.cache\firebase\emulators\ui-v1.11.7\client\assets\img\database.png
[debug] [2023-11-09T09:55:39.291Z] [unzip] Entry: client/safari-pinned-tab.svg (compressed_size=838 bytes, uncompressed_size=1504 bytes)
[debug] [2023-11-09T09:55:39.291Z] [unzip] Processing entry: client\safari-pinned-tab.svg
[debug] [2023-11-09T09:55:39.291Z] [unzip] else mkdir: C:\Users\vasil\.cache\firebase\emulators\ui-v1.11.7\client
[debug] [2023-11-09T09:55:39.292Z] [unzip] deflating: C:\Users\vasil\.cache\firebase\emulators\ui-v1.11.7\client\safari-pinned-tab.svg
[debug] [2023-11-09T09:55:39.293Z] [unzip] Entry: client/mstile-150x150.png (compressed_size=5406 bytes, uncompressed_size=5723 bytes)
[debug] [2023-11-09T09:55:39.293Z] [unzip] Processing entry: client\mstile-150x150.png
[debug] [2023-11-09T09:55:39.293Z] [unzip] else mkdir: C:\Users\vasil\.cache\firebase\emulators\ui-v1.11.7\client
[debug] [2023-11-09T09:55:39.293Z] [unzip] deflating: C:\Users\vasil\.cache\firebase\emulators\ui-v1.11.7\client\mstile-150x150.png
[debug] [2023-11-09T09:55:39.295Z] [unzip] Entry: client/browserconfig.xml (compressed_size=491 bytes, uncompressed_size=822 bytes)
[debug] [2023-11-09T09:55:39.295Z] [unzip] Processing entry: client\browserconfig.xml
[debug] [2023-11-09T09:55:39.295Z] [unzip] else mkdir: C:\Users\vasil\.cache\firebase\emulators\ui-v1.11.7\client
[debug] [2023-11-09T09:55:39.295Z] [unzip] deflating: C:\Users\vasil\.cache\firebase\emulators\ui-v1.11.7\client\browserconfig.xml
[debug] [2023-11-09T09:55:39.297Z] [unzip] Entry: client/robots.txt (compressed_size=26 bytes, uncompressed_size=26 bytes)
[debug] [2023-11-09T09:55:39.297Z] [unzip] Processing entry: client\robots.txt
[debug] [2023-11-09T09:55:39.297Z] [unzip] else mkdir: C:\Users\vasil\.cache\firebase\emulators\ui-v1.11.7\client
[debug] [2023-11-09T09:55:39.297Z] [unzip] Writing file: C:\Users\vasil\.cache\firebase\emulators\ui-v1.11.7\client\robots.txt
[debug] [2023-11-09T09:55:39.299Z] [unzip] Entry: client/index.html (compressed_size=1363 bytes, uncompressed_size=3064 bytes)
[debug] [2023-11-09T09:55:39.299Z] [unzip] Processing entry: client\index.html
[debug] [2023-11-09T09:55:39.299Z] [unzip] else mkdir: C:\Users\vasil\.cache\firebase\emulators\ui-v1.11.7\client
[debug] [2023-11-09T09:55:39.300Z] [unzip] deflating: C:\Users\vasil\.cache\firebase\emulators\ui-v1.11.7\client\index.html
[debug] [2023-11-09T09:55:39.301Z] [unzip] Entry: client/favicon-16x16.png (compressed_size=757 bytes, uncompressed_size=777 bytes)
[debug] [2023-11-09T09:55:39.301Z] [unzip] Processing entry: client\favicon-16x16.png
[debug] [2023-11-09T09:55:39.301Z] [unzip] else mkdir: C:\Users\vasil\.cache\firebase\emulators\ui-v1.11.7\client
[debug] [2023-11-09T09:55:39.302Z] [unzip] deflating: C:\Users\vasil\.cache\firebase\emulators\ui-v1.11.7\client\favicon-16x16.png
[debug] [2023-11-09T09:55:39.304Z] [unzip] Entry: client/manifest.json (compressed_size=246 bytes, uncompressed_size=551 bytes)
[debug] [2023-11-09T09:55:39.304Z] [unzip] Processing entry: client\manifest.json
[debug] [2023-11-09T09:55:39.304Z] [unzip] else mkdir: C:\Users\vasil\.cache\firebase\emulators\ui-v1.11.7\client
[debug] [2023-11-09T09:55:39.304Z] [unzip] deflating: C:\Users\vasil\.cache\firebase\emulators\ui-v1.11.7\client\manifest.json
[debug] [2023-11-09T09:55:39.306Z] [unzip] Entry: client/favicon-32x32.png (compressed_size=1175 bytes, uncompressed_size=1175 bytes)
[debug] [2023-11-09T09:55:39.306Z] [unzip] Processing entry: client\favicon-32x32.png
[debug] [2023-11-09T09:55:39.306Z] [unzip] else mkdir: C:\Users\vasil\.cache\firebase\emulators\ui-v1.11.7\client
[debug] [2023-11-09T09:55:39.307Z] [unzip] Writing file: C:\Users\vasil\.cache\firebase\emulators\ui-v1.11.7\client\favicon-32x32.png
[debug] [2023-11-09T09:55:39.308Z] [unzip] Entry: client/android-chrome-192x192.png (compressed_size=7602 bytes, uncompressed_size=7834 bytes)
[debug] [2023-11-09T09:55:39.308Z] [unzip] Processing entry: client\android-chrome-192x192.png
[debug] [2023-11-09T09:55:39.308Z] [unzip] else mkdir: C:\Users\vasil\.cache\firebase\emulators\ui-v1.11.7\client
[debug] [2023-11-09T09:55:39.308Z] [unzip] deflating: C:\Users\vasil\.cache\firebase\emulators\ui-v1.11.7\client\android-chrome-192x192.png
[debug] [2023-11-09T09:55:39.309Z] [unzip] Entry: server/ (compressed_size=0 bytes, uncompressed_size=0 bytes)
[debug] [2023-11-09T09:55:39.309Z] [unzip] Processing entry: server\
[debug] [2023-11-09T09:55:39.310Z] [unzip] mkdir: C:\Users\vasil\.cache\firebase\emulators\ui-v1.11.7\server\
[debug] [2023-11-09T09:55:39.310Z] [unzip] Entry: server/server.js (compressed_size=343746 bytes, uncompressed_size=1346374 bytes)
[debug] [2023-11-09T09:55:39.310Z] [unzip] Processing entry: server\server.js
[debug] [2023-11-09T09:55:39.310Z] [unzip] else mkdir: C:\Users\vasil\.cache\firebase\emulators\ui-v1.11.7\server
[debug] [2023-11-09T09:55:39.310Z] [unzip] deflating: C:\Users\vasil\.cache\firebase\emulators\ui-v1.11.7\server\server.js
[debug] [2023-11-09T09:55:39.323Z] [unzip] Entry: server/server.js.map (compressed_size=289157 bytes, uncompressed_size=1325651 bytes)
[debug] [2023-11-09T09:55:39.323Z] [unzip] Processing entry: server\server.js.map
[debug] [2023-11-09T09:55:39.323Z] [unzip] else mkdir: C:\Users\vasil\.cache\firebase\emulators\ui-v1.11.7\server
[debug] [2023-11-09T09:55:39.323Z] [unzip] deflating: C:\Users\vasil\.cache\firebase\emulators\ui-v1.11.7\server\server.js.map
[debug] [2023-11-09T09:55:39.337Z] Ignoring unsupported arg: auto_download {"metadata":{"emulator":{"name":"ui"},"message":"Ignoring unsupported arg: auto_download"}}
[debug] [2023-11-09T09:55:39.337Z] Ignoring unsupported arg: port {"metadata":{"emulator":{"name":"ui"},"message":"Ignoring unsupported arg: port"}}
[debug] [2023-11-09T09:55:39.337Z] Starting Emulator UI with command {"binary":"node","args":["C:\\Users\\vasil\\.cache\\firebase\\emulators\\ui-v1.11.7\\server\\server.js"],"optionalArgs":[],"joinArgs":false} {"metadata":{"emulator":{"name":"ui"},"message":"Starting Emulator UI with command {\"binary\":\"node\",\"args\":[\"C:\\\\Users\\\\vasil\\\\.cache\\\\firebase\\\\emulators\\\\ui-v1.11.7\\\\server\\\\server.js\"],\"optionalArgs\":[],\"joinArgs\":false}"}}
[info] i  ui: Emulator UI logging to ui-debug.log {"metadata":{"emulator":{"name":"ui"},"message":"Emulator UI logging to \u001b[1mui-debug.log\u001b[22m"}}
[debug] [2023-11-09T09:55:39.754Z] Web / API server started at 127.0.0.1:4000
 {"metadata":{"emulator":{"name":"ui"},"message":"Web / API server started at 127.0.0.1:4000\n"}}
[debug] [2023-11-09T09:55:39.755Z] Web / API server started at ::1:4000
 {"metadata":{"emulator":{"name":"ui"},"message":"Web / API server started at ::1:4000\n"}}
[info] i  functions: Watching "D:\dev_react.js\amazon-clone-1.0\functions" for Cloud Functions... {"metadata":{"emulator":{"name":"functions"},"message":"Watching \"D:\\dev_react.js\\amazon-clone-1.0\\functions\" for Cloud Functions..."}}
[debug] [2023-11-09T09:55:39.863Z] Validating nodejs source
[debug] [2023-11-09T09:55:41.184Z] > [functions] package.json contents: {
  "name": "functions",
  "description": "Cloud Functions for Firebase",
  "scripts": {
    "lint": "eslint .",
    "serve": "firebase emulators:start --only functions",
    "shell": "firebase functions:shell",
    "start": "npm run shell",
    "deploy": "firebase deploy --only functions",
    "logs": "firebase functions:log"
  },
  "engines": {
    "node": "18"
  },
  "main": "index.js",
  "dependencies": {
    "cors": "^2.8.5",
    "express": "^4.18.2",
    "firebase-admin": "^11.8.0",
    "firebase-functions": "^4.3.1",
    "stripe": "^14.3.0"
  },
  "devDependencies": {
    "eslint": "^8.15.0",
    "eslint-config-google": "^0.14.0",
    "firebase-functions-test": "^3.1.0"
  },
  "private": true
}
[debug] [2023-11-09T09:55:41.184Z] Building nodejs source
[debug] [2023-11-09T09:55:41.184Z] Failed to find version of module node: reached end of search path D:\dev_react.js\amazon-clone-1.0\functions\node_modules
[info] +  functions: Using node@18 from host. 
[debug] [2023-11-09T09:55:41.187Z] Could not find functions.yaml. Must use http discovery
[debug] [2023-11-09T09:55:41.204Z] Found firebase-functions binary at 'D:\dev_react.js\amazon-clone-1.0\functions\node_modules\.bin\firebase-functions'
[info] Serving at port 8738

[debug] [2023-11-09T09:55:48.178Z] Got response from /__/functions.yaml {"endpoints":{"api":{"platform":"gcfv1","availableMemoryMb":null,"timeoutSeconds":null,"minInstances":null,"maxInstances":null,"ingressSettings":null,"serviceAccountEmail":null,"vpc":null,"httpsTrigger":{},"entryPoint":"api"}},"specVersion":"v1alpha1","requiredAPIs":[]}
[info] +  functions: Loaded functions definitions from source: api. {"metadata":{"emulator":{"name":"functions"},"message":"Loaded functions definitions from source: api."}}
[info] +  functions[us-central1-api]: http function initialized (http://127.0.0.1:5001/clone-6764a/us-central1/api). {"metadata":{"emulator":{"name":"functions"},"message":"\u001b[1mhttp\u001b[22m function initialized (http://127.0.0.1:5001/clone-6764a/us-central1/api)."}}
[info] 
┌─────────────────────────────────────────────────────────────┐
│ ✔  All emulators ready! It is now safe to connect your app. │
│ i  View Emulator UI at http://127.0.0.1:4000/               │
└─────────────────────────────────────────────────────────────┘

┌───────────┬────────────────┬─────────────────────────────────┐
│ Emulator  │ Host:Port      │ View in Emulator UI             │
├───────────┼────────────────┼─────────────────────────────────┤
│ Functions │ 127.0.0.1:5001 │ http://127.0.0.1:4000/functions │
├───────────┼────────────────┼─────────────────────────────────┤
│ Hosting   │ 127.0.0.1:5000 │ n/a                             │
└───────────┴────────────────┴─────────────────────────────────┘
  Emulator Hub running at 127.0.0.1:4400
  Other reserved ports: 4500

Issues? Report them at https://github.com/firebase/firebase-tools/issues and attach the *-debug.log files.
 
[debug] [2023-11-09T09:57:43.082Z] File D:\dev_react.js\amazon-clone-1.0\functions\index.js changed, reloading triggers {"metadata":{"emulator":{"name":"functions"},"message":"File D:\\dev_react.js\\amazon-clone-1.0\\functions\\index.js changed, reloading triggers"}}
[debug] [2023-11-09T09:57:44.099Z] Validating nodejs source
[debug] [2023-11-09T09:57:45.316Z] > [functions] package.json contents: {
  "name": "functions",
  "description": "Cloud Functions for Firebase",
  "scripts": {
    "lint": "eslint .",
    "serve": "firebase emulators:start --only functions",
    "shell": "firebase functions:shell",
    "start": "npm run shell",
    "deploy": "firebase deploy --only functions",
    "logs": "firebase functions:log"
  },
  "engines": {
    "node": "18"
  },
  "main": "index.js",
  "dependencies": {
    "cors": "^2.8.5",
    "express": "^4.18.2",
    "firebase-admin": "^11.8.0",
    "firebase-functions": "^4.3.1",
    "stripe": "^14.3.0"
  },
  "devDependencies": {
    "eslint": "^8.15.0",
    "eslint-config-google": "^0.14.0",
    "firebase-functions-test": "^3.1.0"
  },
  "private": true
}
[debug] [2023-11-09T09:57:45.317Z] Building nodejs source
[debug] [2023-11-09T09:57:45.317Z] Failed to find version of module node: reached end of search path D:\dev_react.js\amazon-clone-1.0\functions\node_modules
[info] +  functions: Using node@18 from host. 
[debug] [2023-11-09T09:57:45.319Z] Could not find functions.yaml. Must use http discovery
[debug] [2023-11-09T09:57:45.338Z] Found firebase-functions binary at 'D:\dev_react.js\amazon-clone-1.0\functions\node_modules\.bin\firebase-functions'
[info] Serving at port 8088

[debug] [2023-11-09T09:57:46.060Z] Got response from /__/functions.yaml {"endpoints":{"api":{"platform":"gcfv1","availableMemoryMb":null,"timeoutSeconds":null,"minInstances":null,"maxInstances":null,"ingressSettings":null,"serviceAccountEmail":null,"vpc":null,"httpsTrigger":{},"entryPoint":"api"}},"specVersion":"v1alpha1","requiredAPIs":[]}
[info] +  functions: Loaded functions definitions from source: api. {"metadata":{"emulator":{"name":"functions"},"message":"Loaded functions definitions from source: api."}}
[debug] [2023-11-09T09:57:48.405Z] File D:\dev_react.js\amazon-clone-1.0\functions\index.js changed, reloading triggers {"metadata":{"emulator":{"name":"functions"},"message":"File D:\\dev_react.js\\amazon-clone-1.0\\functions\\index.js changed, reloading triggers"}}
[debug] [2023-11-09T09:57:49.418Z] Validating nodejs source
[debug] [2023-11-09T09:57:50.718Z] > [functions] package.json contents: {
  "name": "functions",
  "description": "Cloud Functions for Firebase",
  "scripts": {
    "lint": "eslint .",
    "serve": "firebase emulators:start --only functions",
    "shell": "firebase functions:shell",
    "start": "npm run shell",
    "deploy": "firebase deploy --only functions",
    "logs": "firebase functions:log"
  },
  "engines": {
    "node": "18"
  },
  "main": "index.js",
  "dependencies": {
    "cors": "^2.8.5",
    "express": "^4.18.2",
    "firebase-admin": "^11.8.0",
    "firebase-functions": "^4.3.1",
    "stripe": "^14.3.0"
  },
  "devDependencies": {
    "eslint": "^8.15.0",
    "eslint-config-google": "^0.14.0",
    "firebase-functions-test": "^3.1.0"
  },
  "private": true
}
[debug] [2023-11-09T09:57:50.718Z] Building nodejs source
[debug] [2023-11-09T09:57:50.718Z] Failed to find version of module node: reached end of search path D:\dev_react.js\amazon-clone-1.0\functions\node_modules
[info] +  functions: Using node@18 from host. 
[debug] [2023-11-09T09:57:50.720Z] Could not find functions.yaml. Must use http discovery
[debug] [2023-11-09T09:57:50.736Z] Found firebase-functions binary at 'D:\dev_react.js\amazon-clone-1.0\functions\node_modules\.bin\firebase-functions'
[info] Serving at port 8913

[debug] [2023-11-09T09:57:51.551Z] Got response from /__/functions.yaml {"endpoints":{"api":{"platform":"gcfv1","availableMemoryMb":null,"timeoutSeconds":null,"minInstances":null,"maxInstances":null,"ingressSettings":null,"serviceAccountEmail":null,"vpc":null,"httpsTrigger":{},"entryPoint":"api"}},"specVersion":"v1alpha1","requiredAPIs":[]}
[info] +  functions: Loaded functions definitions from source: api. {"metadata":{"emulator":{"name":"functions"},"message":"Loaded functions definitions from source: api."}}
[debug] [2023-11-09T09:57:59.591Z] File D:\dev_react.js\amazon-clone-1.0\functions\index.js changed, reloading triggers {"metadata":{"emulator":{"name":"functions"},"message":"File D:\\dev_react.js\\amazon-clone-1.0\\functions\\index.js changed, reloading triggers"}}
[debug] [2023-11-09T09:58:00.594Z] Validating nodejs source
[debug] [2023-11-09T09:58:02.090Z] > [functions] package.json contents: {
  "name": "functions",
  "description": "Cloud Functions for Firebase",
  "scripts": {
    "lint": "eslint .",
    "serve": "firebase emulators:start --only functions",
    "shell": "firebase functions:shell",
    "start": "npm run shell",
    "deploy": "firebase deploy --only functions",
    "logs": "firebase functions:log"
  },
  "engines": {
    "node": "18"
  },
  "main": "index.js",
  "dependencies": {
    "cors": "^2.8.5",
    "express": "^4.18.2",
    "firebase-admin": "^11.8.0",
    "firebase-functions": "^4.3.1",
    "stripe": "^14.3.0"
  },
  "devDependencies": {
    "eslint": "^8.15.0",
    "eslint-config-google": "^0.14.0",
    "firebase-functions-test": "^3.1.0"
  },
  "private": true
}
[debug] [2023-11-09T09:58:02.090Z] Building nodejs source
[debug] [2023-11-09T09:58:02.090Z] Failed to find version of module node: reached end of search path D:\dev_react.js\amazon-clone-1.0\functions\node_modules
[info] +  functions: Using node@18 from host. 
[debug] [2023-11-09T09:58:02.096Z] Could not find functions.yaml. Must use http discovery
[debug] [2023-11-09T09:58:02.122Z] Found firebase-functions binary at 'D:\dev_react.js\amazon-clone-1.0\functions\node_modules\.bin\firebase-functions'
[info] Serving at port 8649

[debug] [2023-11-09T09:58:03.432Z] Got response from /__/functions.yaml {"endpoints":{"api":{"platform":"gcfv1","availableMemoryMb":null,"timeoutSeconds":null,"minInstances":null,"maxInstances":null,"ingressSettings":null,"serviceAccountEmail":null,"vpc":null,"httpsTrigger":{},"entryPoint":"api"}},"specVersion":"v1alpha1","requiredAPIs":[]}
[info] +  functions: Loaded functions definitions from source: api. {"metadata":{"emulator":{"name":"functions"},"message":"Loaded functions definitions from source: api."}}
[debug] [2023-11-09T09:58:07.005Z] File D:\dev_react.js\amazon-clone-1.0\functions\index.js changed, reloading triggers {"metadata":{"emulator":{"name":"functions"},"message":"File D:\\dev_react.js\\amazon-clone-1.0\\functions\\index.js changed, reloading triggers"}}
[debug] [2023-11-09T09:58:08.012Z] Validating nodejs source
[debug] [2023-11-09T09:58:09.292Z] > [functions] package.json contents: {
  "name": "functions",
  "description": "Cloud Functions for Firebase",
  "scripts": {
    "lint": "eslint .",
    "serve": "firebase emulators:start --only functions",
    "shell": "firebase functions:shell",
    "start": "npm run shell",
    "deploy": "firebase deploy --only functions",
    "logs": "firebase functions:log"
  },
  "engines": {
    "node": "18"
  },
  "main": "index.js",
  "dependencies": {
    "cors": "^2.8.5",
    "express": "^4.18.2",
    "firebase-admin": "^11.8.0",
    "firebase-functions": "^4.3.1",
    "stripe": "^14.3.0"
  },
  "devDependencies": {
    "eslint": "^8.15.0",
    "eslint-config-google": "^0.14.0",
    "firebase-functions-test": "^3.1.0"
  },
  "private": true
}
[debug] [2023-11-09T09:58:09.292Z] Building nodejs source
[debug] [2023-11-09T09:58:09.293Z] Failed to find version of module node: reached end of search path D:\dev_react.js\amazon-clone-1.0\functions\node_modules
[info] +  functions: Using node@18 from host. 
[debug] [2023-11-09T09:58:09.294Z] Could not find functions.yaml. Must use http discovery
[debug] [2023-11-09T09:58:09.309Z] Found firebase-functions binary at 'D:\dev_react.js\amazon-clone-1.0\functions\node_modules\.bin\firebase-functions'
[info] Serving at port 8894

[debug] [2023-11-09T09:58:10.112Z] Got response from /__/functions.yaml {"endpoints":{"api":{"platform":"gcfv1","availableMemoryMb":null,"timeoutSeconds":null,"minInstances":null,"maxInstances":null,"ingressSettings":null,"serviceAccountEmail":null,"vpc":null,"httpsTrigger":{},"entryPoint":"api"}},"specVersion":"v1alpha1","requiredAPIs":[]}
[info] +  functions: Loaded functions definitions from source: api. {"metadata":{"emulator":{"name":"functions"},"message":"Loaded functions definitions from source: api."}}
[debug] [2023-11-09T09:58:16.931Z] [work-queue] {"queuedWork":["/clone-6764a/us-central1/api-2023-11-09T09:58:16.930Z"],"queueLength":1,"runningWork":[],"workRunningCount":0}
[debug] [2023-11-09T09:58:16.931Z] [work-queue] {"queuedWork":[],"queueLength":0,"runningWork":["/clone-6764a/us-central1/api-2023-11-09T09:58:16.930Z"],"workRunningCount":1}
[debug] [2023-11-09T09:58:16.932Z] Accepted request GET /clone-6764a/us-central1/api --> us-central1-api
[debug] [2023-11-09T09:58:16.947Z] [functions] Runtime ready! Sending request! {"metadata":{"emulator":{"name":"functions"},"message":"[functions] Runtime ready! Sending request!"}}
[debug] [2023-11-09T09:58:16.948Z] [functions] Got req.url=/clone-6764a/us-central1/api, mapping to path=/ {"metadata":{"emulator":{"name":"functions"},"message":"[functions] Got req.url=/clone-6764a/us-central1/api, mapping to path=/"}}
[debug] [2023-11-09T09:58:16.962Z] [worker-pool] addWorker(us-central1-api) {"metadata":{"emulator":{"name":"functions"},"message":"[worker-pool] addWorker(us-central1-api)"}}
[debug] [2023-11-09T09:58:16.963Z] [worker-pool] Adding worker with key us-central1-api, total=1 {"metadata":{"emulator":{"name":"functions"},"message":"[worker-pool] Adding worker with key us-central1-api, total=1"}}
[debug] [2023-11-09T09:58:18.786Z] [runtime-status] [20976] Resolved module firebase-admin {"declared":true,"installed":true,"version":"11.11.0","resolution":"D:\\dev_react.js\\amazon-clone-1.0\\functions\\node_modules\\firebase-admin\\lib\\index.js"} {"metadata":{"emulator":{"name":"functions"},"function":{"name":"us-central1-api"},"extension":{},"message":"[runtime-status] [20976] Resolved module firebase-admin {\"declared\":true,\"installed\":true,\"version\":\"11.11.0\",\"resolution\":\"D:\\\\dev_react.js\\\\amazon-clone-1.0\\\\functions\\\\node_modules\\\\firebase-admin\\\\lib\\\\index.js\"}"}}
[debug] [2023-11-09T09:58:18.787Z] [runtime-status] [20976] Resolved module firebase-functions {"declared":true,"installed":true,"version":"4.5.0","resolution":"D:\\dev_react.js\\amazon-clone-1.0\\functions\\node_modules\\firebase-functions\\lib\\v1\\index.js"} {"metadata":{"emulator":{"name":"functions"},"function":{"name":"us-central1-api"},"extension":{},"message":"[runtime-status] [20976] Resolved module firebase-functions {\"declared\":true,\"installed\":true,\"version\":\"4.5.0\",\"resolution\":\"D:\\\\dev_react.js\\\\amazon-clone-1.0\\\\functions\\\\node_modules\\\\firebase-functions\\\\lib\\\\v1\\\\index.js\"}"}}
[debug] [2023-11-09T09:58:18.788Z] [runtime-status] [20976] Outgoing network have been stubbed. [{"name":"http","status":"mocked"},{"name":"http","status":"mocked"},{"name":"https","status":"mocked"},{"name":"https","status":"mocked"},{"name":"net","status":"mocked"}] {"metadata":{"emulator":{"name":"functions"},"function":{"name":"us-central1-api"},"extension":{},"message":"[runtime-status] [20976] Outgoing network have been stubbed. [{\"name\":\"http\",\"status\":\"mocked\"},{\"name\":\"http\",\"status\":\"mocked\"},{\"name\":\"https\",\"status\":\"mocked\"},{\"name\":\"https\",\"status\":\"mocked\"},{\"name\":\"net\",\"status\":\"mocked\"}]"}}
[debug] [2023-11-09T09:58:18.789Z] [runtime-status] [20976] Resolved module firebase-functions {"declared":true,"installed":true,"version":"4.5.0","resolution":"D:\\dev_react.js\\amazon-clone-1.0\\functions\\node_modules\\firebase-functions\\lib\\v1\\index.js"} {"metadata":{"emulator":{"name":"functions"},"function":{"name":"us-central1-api"},"extension":{},"message":"[runtime-status] [20976] Resolved module firebase-functions {\"declared\":true,\"installed\":true,\"version\":\"4.5.0\",\"resolution\":\"D:\\\\dev_react.js\\\\amazon-clone-1.0\\\\functions\\\\node_modules\\\\firebase-functions\\\\lib\\\\v1\\\\index.js\"}"}}
[debug] [2023-11-09T09:58:19.104Z] [runtime-status] [20976] Checked functions.config() {"config":{}} {"metadata":{"emulator":{"name":"functions"},"function":{"name":"us-central1-api"},"extension":{},"message":"[runtime-status] [20976] Checked functions.config() {\"config\":{}}"}}
[debug] [2023-11-09T09:58:19.104Z] [runtime-status] [20976] firebase-functions has been stubbed. {"functionsResolution":{"declared":true,"installed":true,"version":"4.5.0","resolution":"D:\\dev_react.js\\amazon-clone-1.0\\functions\\node_modules\\firebase-functions\\lib\\v1\\index.js"}} {"metadata":{"emulator":{"name":"functions"},"function":{"name":"us-central1-api"},"extension":{},"message":"[runtime-status] [20976] firebase-functions has been stubbed. {\"functionsResolution\":{\"declared\":true,\"installed\":true,\"version\":\"4.5.0\",\"resolution\":\"D:\\\\dev_react.js\\\\amazon-clone-1.0\\\\functions\\\\node_modules\\\\firebase-functions\\\\lib\\\\v1\\\\index.js\"}}"}}
[debug] [2023-11-09T09:58:19.105Z] [runtime-status] [20976] Resolved module firebase-functions {"declared":true,"installed":true,"version":"4.5.0","resolution":"D:\\dev_react.js\\amazon-clone-1.0\\functions\\node_modules\\firebase-functions\\lib\\v1\\index.js"} {"metadata":{"emulator":{"name":"functions"},"function":{"name":"us-central1-api"},"extension":{},"message":"[runtime-status] [20976] Resolved module firebase-functions {\"declared\":true,\"installed\":true,\"version\":\"4.5.0\",\"resolution\":\"D:\\\\dev_react.js\\\\amazon-clone-1.0\\\\functions\\\\node_modules\\\\firebase-functions\\\\lib\\\\v1\\\\index.js\"}"}}
[debug] [2023-11-09T09:58:19.106Z] [runtime-status] [20976] Resolved module firebase-admin {"declared":true,"installed":true,"version":"11.11.0","resolution":"D:\\dev_react.js\\amazon-clone-1.0\\functions\\node_modules\\firebase-admin\\lib\\index.js"} {"metadata":{"emulator":{"name":"functions"},"function":{"name":"us-central1-api"},"extension":{},"message":"[runtime-status] [20976] Resolved module firebase-admin {\"declared\":true,\"installed\":true,\"version\":\"11.11.0\",\"resolution\":\"D:\\\\dev_react.js\\\\amazon-clone-1.0\\\\functions\\\\node_modules\\\\firebase-admin\\\\lib\\\\index.js\"}"}}
[debug] [2023-11-09T09:58:19.146Z] [runtime-status] [20976] Resolved module firebase-functions {"declared":true,"installed":true,"version":"4.5.0","resolution":"D:\\dev_react.js\\amazon-clone-1.0\\functions\\node_modules\\firebase-functions\\lib\\v1\\index.js"} {"metadata":{"emulator":{"name":"functions"},"function":{"name":"us-central1-api"},"extension":{},"message":"[runtime-status] [20976] Resolved module firebase-functions {\"declared\":true,\"installed\":true,\"version\":\"4.5.0\",\"resolution\":\"D:\\\\dev_react.js\\\\amazon-clone-1.0\\\\functions\\\\node_modules\\\\firebase-functions\\\\lib\\\\v1\\\\index.js\"}"}}
[debug] [2023-11-09T09:58:19.147Z] [runtime-status] [20976] firebase-admin has been stubbed. {"adminResolution":{"declared":true,"installed":true,"version":"11.11.0","resolution":"D:\\dev_react.js\\amazon-clone-1.0\\functions\\node_modules\\firebase-admin\\lib\\index.js"}} {"metadata":{"emulator":{"name":"functions"},"function":{"name":"us-central1-api"},"extension":{},"message":"[runtime-status] [20976] firebase-admin has been stubbed. {\"adminResolution\":{\"declared\":true,\"installed\":true,\"version\":\"11.11.0\",\"resolution\":\"D:\\\\dev_react.js\\\\amazon-clone-1.0\\\\functions\\\\node_modules\\\\firebase-admin\\\\lib\\\\index.js\"}}"}}
[debug] [2023-11-09T09:58:19.399Z] [runtime-status] [20976] Functions runtime initialized. {"cwd":"D:\\dev_react.js\\amazon-clone-1.0\\functions","node_version":"18.0.0"} {"metadata":{"emulator":{"name":"functions"},"function":{"name":"us-central1-api"},"extension":{},"message":"[runtime-status] [20976] Functions runtime initialized. {\"cwd\":\"D:\\\\dev_react.js\\\\amazon-clone-1.0\\\\functions\",\"node_version\":\"18.0.0\"}"}}
[debug] [2023-11-09T09:58:19.399Z] [runtime-status] [20976] Listening to port: \\?\pipe\fire_emu_b1ad54f29ec61dc2 {"metadata":{"emulator":{"name":"functions"},"function":{"name":"us-central1-api"},"extension":{},"message":"[runtime-status] [20976] Listening to port: \\\\?\\pipe\\fire_emu_b1ad54f29ec61dc2"}}
[debug] [2023-11-09T09:58:19.477Z] [worker-us-central1-api-21eeaf97-fa16-484e-bb84-03a164ab0a59]: IDLE {"metadata":{"emulator":{"name":"functions"},"function":{"name":"us-central1-api"},"extension":{},"message":"[worker-us-central1-api-21eeaf97-fa16-484e-bb84-03a164ab0a59]: IDLE"}}
[debug] [2023-11-09T09:58:19.478Z] [worker-pool] submitRequest(triggerId=us-central1-api) {"metadata":{"emulator":{"name":"functions"},"message":"[worker-pool] submitRequest(triggerId=us-central1-api)"}}
[info] i  functions: Beginning execution of "us-central1-api" {"metadata":{"emulator":{"name":"functions"},"function":{"name":"us-central1-api"},"extension":{},"message":"Beginning execution of \"us-central1-api\""}}
[debug] [2023-11-09T09:58:19.479Z] [worker-us-central1-api-21eeaf97-fa16-484e-bb84-03a164ab0a59]: BUSY {"metadata":{"emulator":{"name":"functions"},"function":{"name":"us-central1-api"},"extension":{},"message":"[worker-us-central1-api-21eeaf97-fa16-484e-bb84-03a164ab0a59]: BUSY"}}
[debug] [2023-11-09T09:58:19.491Z] Finishing up request with event=pause {"metadata":{"emulator":{"name":"functions"},"function":{"name":"us-central1-api"},"extension":{},"message":"Finishing up request with event=pause"}}
[info] i  functions: Finished "us-central1-api" in 12.6668ms {"metadata":{"emulator":{"name":"functions"},"function":{"name":"us-central1-api"},"extension":{},"message":"Finished \"us-central1-api\" in 12.6668ms"}}
[debug] [2023-11-09T09:58:19.493Z] [worker-us-central1-api-21eeaf97-fa16-484e-bb84-03a164ab0a59]: IDLE {"metadata":{"emulator":{"name":"functions"},"function":{"name":"us-central1-api"},"extension":{},"message":"[worker-us-central1-api-21eeaf97-fa16-484e-bb84-03a164ab0a59]: IDLE"}}
[debug] [2023-11-09T09:58:19.494Z] Finishing up request with event=finish {"metadata":{"emulator":{"name":"functions"},"function":{"name":"us-central1-api"},"extension":{},"message":"Finishing up request with event=finish"}}
[debug] [2023-11-09T09:58:19.496Z] Finishing up request with event=close {"metadata":{"emulator":{"name":"functions"},"function":{"name":"us-central1-api"},"extension":{},"message":"Finishing up request with event=close"}}
[debug] [2023-11-09T09:58:19.496Z] [work-queue] {"queuedWork":[],"queueLength":0,"runningWork":[],"workRunningCount":0}
[debug] [2023-11-09T09:58:19.974Z] Functions emulator received unknown request at path /favicon.ico
[debug] [2023-11-09T10:01:14.104Z] File D:\dev_react.js\amazon-clone-1.0\functions\index.js changed, reloading triggers {"metadata":{"emulator":{"name":"functions"},"message":"File D:\\dev_react.js\\amazon-clone-1.0\\functions\\index.js changed, reloading triggers"}}
[debug] [2023-11-09T10:01:15.110Z] Validating nodejs source
[debug] [2023-11-09T10:01:16.523Z] > [functions] package.json contents: {
  "name": "functions",
  "description": "Cloud Functions for Firebase",
  "scripts": {
    "lint": "eslint .",
    "serve": "firebase emulators:start --only functions",
    "shell": "firebase functions:shell",
    "start": "npm run shell",
    "deploy": "firebase deploy --only functions",
    "logs": "firebase functions:log"
  },
  "engines": {
    "node": "18"
  },
  "main": "index.js",
  "dependencies": {
    "cors": "^2.8.5",
    "express": "^4.18.2",
    "firebase-admin": "^11.8.0",
    "firebase-functions": "^4.3.1",
    "stripe": "^14.3.0"
  },
  "devDependencies": {
    "eslint": "^8.15.0",
    "eslint-config-google": "^0.14.0",
    "firebase-functions-test": "^3.1.0"
  },
  "private": true
}
[debug] [2023-11-09T10:01:16.523Z] Building nodejs source
[debug] [2023-11-09T10:01:16.524Z] Failed to find version of module node: reached end of search path D:\dev_react.js\amazon-clone-1.0\functions\node_modules
[info] +  functions: Using node@18 from host. 
[debug] [2023-11-09T10:01:16.529Z] Could not find functions.yaml. Must use http discovery
[debug] [2023-11-09T10:01:16.552Z] Found firebase-functions binary at 'D:\dev_react.js\amazon-clone-1.0\functions\node_modules\.bin\firebase-functions'
[debug] [2023-11-09T10:01:16.560Z] File D:\dev_react.js\amazon-clone-1.0\functions\index.js changed, reloading triggers {"metadata":{"emulator":{"name":"functions"},"message":"File D:\\dev_react.js\\amazon-clone-1.0\\functions\\index.js changed, reloading triggers"}}
[info] Serving at port 8908

[debug] [2023-11-09T10:01:16.982Z] File D:\dev_react.js\amazon-clone-1.0\functions\index.js changed, reloading triggers {"metadata":{"emulator":{"name":"functions"},"message":"File D:\\dev_react.js\\amazon-clone-1.0\\functions\\index.js changed, reloading triggers"}}
[debug] [2023-11-09T10:01:17.395Z] Got response from /__/functions.yaml {"endpoints":{"api":{"platform":"gcfv1","availableMemoryMb":null,"timeoutSeconds":null,"minInstances":null,"maxInstances":null,"ingressSettings":null,"serviceAccountEmail":null,"vpc":null,"httpsTrigger":{},"entryPoint":"api"}},"specVersion":"v1alpha1","requiredAPIs":[]}
[info] +  functions: Loaded functions definitions from source: api. {"metadata":{"emulator":{"name":"functions"},"message":"Loaded functions definitions from source: api."}}
[debug] [2023-11-09T10:01:17.417Z] [worker-pool] Shutting down IDLE worker (us-central1-api) {"metadata":{"emulator":{"name":"functions"},"message":"[worker-pool] Shutting down IDLE worker (us-central1-api)"}}
[debug] [2023-11-09T10:01:17.418Z] [worker-us-central1-api-21eeaf97-fa16-484e-bb84-03a164ab0a59]: FINISHING {"metadata":{"emulator":{"name":"functions"},"function":{"name":"us-central1-api"},"extension":{},"message":"[worker-us-central1-api-21eeaf97-fa16-484e-bb84-03a164ab0a59]: FINISHING"}}
[debug] [2023-11-09T10:01:17.428Z] [worker-us-central1-api-21eeaf97-fa16-484e-bb84-03a164ab0a59]: exited {"metadata":{"emulator":{"name":"functions"},"function":{"name":"us-central1-api"},"extension":{},"message":"[worker-us-central1-api-21eeaf97-fa16-484e-bb84-03a164ab0a59]: exited"}}
[debug] [2023-11-09T10:01:17.428Z] [worker-us-central1-api-21eeaf97-fa16-484e-bb84-03a164ab0a59]: FINISHED {"metadata":{"emulator":{"name":"functions"},"function":{"name":"us-central1-api"},"extension":{},"message":"[worker-us-central1-api-21eeaf97-fa16-484e-bb84-03a164ab0a59]: FINISHED"}}
[debug] [2023-11-09T10:01:17.997Z] Validating nodejs source
[debug] [2023-11-09T10:01:19.313Z] > [functions] package.json contents: {
  "name": "functions",
  "description": "Cloud Functions for Firebase",
  "scripts": {
    "lint": "eslint .",
    "serve": "firebase emulators:start --only functions",
    "shell": "firebase functions:shell",
    "start": "npm run shell",
    "deploy": "firebase deploy --only functions",
    "logs": "firebase functions:log"
  },
  "engines": {
    "node": "18"
  },
  "main": "index.js",
  "dependencies": {
    "cors": "^2.8.5",
    "express": "^4.18.2",
    "firebase-admin": "^11.8.0",
    "firebase-functions": "^4.3.1",
    "stripe": "^14.3.0"
  },
  "devDependencies": {
    "eslint": "^8.15.0",
    "eslint-config-google": "^0.14.0",
    "firebase-functions-test": "^3.1.0"
  },
  "private": true
}
[debug] [2023-11-09T10:01:19.313Z] Building nodejs source
[debug] [2023-11-09T10:01:19.314Z] Failed to find version of module node: reached end of search path D:\dev_react.js\amazon-clone-1.0\functions\node_modules
[info] +  functions: Using node@18 from host. 
[debug] [2023-11-09T10:01:19.315Z] Could not find functions.yaml. Must use http discovery
[debug] [2023-11-09T10:01:19.332Z] Found firebase-functions binary at 'D:\dev_react.js\amazon-clone-1.0\functions\node_modules\.bin\firebase-functions'
[debug] [2023-11-09T10:01:19.339Z] File D:\dev_react.js\amazon-clone-1.0\functions\index.js changed, reloading triggers {"metadata":{"emulator":{"name":"functions"},"message":"File D:\\dev_react.js\\amazon-clone-1.0\\functions\\index.js changed, reloading triggers"}}
[info] Serving at port 8479

[error] D:\dev_react.js\amazon-clone-1.0\functions\index.js:28
// http://127.0.0.1:5001/clone-6764a/us-central1/api
                                                    

SyntaxError: Unexpected end of input
    at Object.compileFunction (node:vm:352:18)
    at wrapSafe (node:internal/modules/cjs/loader:1033:15)
    at Module._compile (node:internal/modules/cjs/loader:1069:27)
    at Module._extensions..js (node:internal/modules/cjs/loader:1159:10)
    at Module.load (node:internal/modules/cjs/loader:981:32)
    at Module._load (node:internal/modules/cjs/loader:827:12)
    at Module.require (node:internal/modules/cjs/loader:1005:19)
    at require (node:internal/modules/cjs/helpers:102:18)
    at loadModule (D:\dev_react.js\amazon-clone-1.0\functions\node_modules\firebase-functions\lib\runtime\loader.js:40:16)
    at loadStack (D:\dev_react.js\amazon-clone-1.0\functions\node_modules\firebase-functions\lib\runtime\loader.js:93:23)

[debug] [2023-11-09T10:01:19.715Z] Got response code 400; body Failed to generate manifest from function source: SyntaxError: Unexpected end of input
[error] !!  functions: Failed to load function definition from source: FirebaseError: Functions codebase could not be analyzed successfully. It may have a syntax or runtime error {"metadata":{"emulator":{"name":"functions"},"message":"Failed to load function definition from source: FirebaseError: Functions codebase could not be analyzed successfully. It may have a syntax or runtime error"}}
[debug] [2023-11-09T10:01:20.350Z] Validating nodejs source
[debug] [2023-11-09T10:01:21.673Z] > [functions] package.json contents: {
  "name": "functions",
  "description": "Cloud Functions for Firebase",
  "scripts": {
    "lint": "eslint .",
    "serve": "firebase emulators:start --only functions",
    "shell": "firebase functions:shell",
    "start": "npm run shell",
    "deploy": "firebase deploy --only functions",
    "logs": "firebase functions:log"
  },
  "engines": {
    "node": "18"
  },
  "main": "index.js",
  "dependencies": {
    "cors": "^2.8.5",
    "express": "^4.18.2",
    "firebase-admin": "^11.8.0",
    "firebase-functions": "^4.3.1",
    "stripe": "^14.3.0"
  },
  "devDependencies": {
    "eslint": "^8.15.0",
    "eslint-config-google": "^0.14.0",
    "firebase-functions-test": "^3.1.0"
  },
  "private": true
}
[debug] [2023-11-09T10:01:21.673Z] Building nodejs source
[debug] [2023-11-09T10:01:21.673Z] Failed to find version of module node: reached end of search path D:\dev_react.js\amazon-clone-1.0\functions\node_modules
[info] +  functions: Using node@18 from host. 
[debug] [2023-11-09T10:01:21.675Z] Could not find functions.yaml. Must use http discovery
[debug] [2023-11-09T10:01:21.692Z] Found firebase-functions binary at 'D:\dev_react.js\amazon-clone-1.0\functions\node_modules\.bin\firebase-functions'
[info] Serving at port 8903

[error] D:\dev_react.js\amazon-clone-1.0\functions\index.js:28
// http://127.0.0.1:5001/clone-6764a/us-central1/api
                                                    

SyntaxError: Unexpected end of input
    at Object.compileFunction (node:vm:352:18)
    at wrapSafe (node:internal/modules/cjs/loader:1033:15)
    at Module._compile (node:internal/modules/cjs/loader:1069:27)
    at Module._extensions..js (node:internal/modules/cjs/loader:1159:10)
    at Module.load (node:internal/modules/cjs/loader:981:32)
    at Module._load (node:internal/modules/cjs/loader:827:12)
    at Module.require (node:internal/modules/cjs/loader:1005:19)
    at require (node:internal/modules/cjs/helpers:102:18)
    at loadModule (D:\dev_react.js\amazon-clone-1.0\functions\node_modules\firebase-functions\lib\runtime\loader.js:40:16)
    at loadStack (D:\dev_react.js\amazon-clone-1.0\functions\node_modules\firebase-functions\lib\runtime\loader.js:93:23)

[debug] [2023-11-09T10:01:22.079Z] Got response code 400; body Failed to generate manifest from function source: SyntaxError: Unexpected end of input
[error] !!  functions: Failed to load function definition from source: FirebaseError: Functions codebase could not be analyzed successfully. It may have a syntax or runtime error {"metadata":{"emulator":{"name":"functions"},"message":"Failed to load function definition from source: FirebaseError: Functions codebase could not be analyzed successfully. It may have a syntax or runtime error"}}
[debug] [2023-11-09T10:01:23.001Z] File D:\dev_react.js\amazon-clone-1.0\functions\index.js changed, reloading triggers {"metadata":{"emulator":{"name":"functions"},"message":"File D:\\dev_react.js\\amazon-clone-1.0\\functions\\index.js changed, reloading triggers"}}
[debug] [2023-11-09T10:01:24.012Z] Validating nodejs source
[debug] [2023-11-09T10:01:25.309Z] > [functions] package.json contents: {
  "name": "functions",
  "description": "Cloud Functions for Firebase",
  "scripts": {
    "lint": "eslint .",
    "serve": "firebase emulators:start --only functions",
    "shell": "firebase functions:shell",
    "start": "npm run shell",
    "deploy": "firebase deploy --only functions",
    "logs": "firebase functions:log"
  },
  "engines": {
    "node": "18"
  },
  "main": "index.js",
  "dependencies": {
    "cors": "^2.8.5",
    "express": "^4.18.2",
    "firebase-admin": "^11.8.0",
    "firebase-functions": "^4.3.1",
    "stripe": "^14.3.0"
  },
  "devDependencies": {
    "eslint": "^8.15.0",
    "eslint-config-google": "^0.14.0",
    "firebase-functions-test": "^3.1.0"
  },
  "private": true
}
[debug] [2023-11-09T10:01:25.309Z] Building nodejs source
[debug] [2023-11-09T10:01:25.309Z] Failed to find version of module node: reached end of search path D:\dev_react.js\amazon-clone-1.0\functions\node_modules
[info] +  functions: Using node@18 from host. 
[debug] [2023-11-09T10:01:25.311Z] Could not find functions.yaml. Must use http discovery
[debug] [2023-11-09T10:01:25.329Z] Found firebase-functions binary at 'D:\dev_react.js\amazon-clone-1.0\functions\node_modules\.bin\firebase-functions'
[info] Serving at port 8085

[error] D:\dev_react.js\amazon-clone-1.0\functions\index.js:35
    }
    ^

SyntaxError: missing ) after argument list
    at Object.compileFunction (node:vm:352:18)
    at wrapSafe (node:internal/modules/cjs/loader:1033:15)
    at Module._compile (node:internal/modules/cjs/loader:1069:27)
    at Module._extensions..js (node:internal/modules/cjs/loader:1159:10)
    at Module.load (node:internal/modules/cjs/loader:981:32)
    at Module._load (node:internal/modules/cjs/loader:827:12)
    at Module.require (node:internal/modules/cjs/loader:1005:19)
    at require (node:internal/modules/cjs/helpers:102:18)
    at loadModule (D:\dev_react.js\amazon-clone-1.0\functions\node_modules\firebase-functions\lib\runtime\loader.js:40:16)
    at loadStack (D:\dev_react.js\amazon-clone-1.0\functions\node_modules\firebase-functions\lib\runtime\loader.js:93:23)

[debug] [2023-11-09T10:01:25.755Z] Got response code 400; body Failed to generate manifest from function source: SyntaxError: missing ) after argument list
[error] !!  functions: Failed to load function definition from source: FirebaseError: Functions codebase could not be analyzed successfully. It may have a syntax or runtime error {"metadata":{"emulator":{"name":"functions"},"message":"Failed to load function definition from source: FirebaseError: Functions codebase could not be analyzed successfully. It may have a syntax or runtime error"}}
[debug] [2023-11-09T10:01:26.252Z] File D:\dev_react.js\amazon-clone-1.0\functions\index.js changed, reloading triggers {"metadata":{"emulator":{"name":"functions"},"message":"File D:\\dev_react.js\\amazon-clone-1.0\\functions\\index.js changed, reloading triggers"}}
[debug] [2023-11-09T10:01:27.262Z] Validating nodejs source
[debug] [2023-11-09T10:01:28.569Z] > [functions] package.json contents: {
  "name": "functions",
  "description": "Cloud Functions for Firebase",
  "scripts": {
    "lint": "eslint .",
    "serve": "firebase emulators:start --only functions",
    "shell": "firebase functions:shell",
    "start": "npm run shell",
    "deploy": "firebase deploy --only functions",
    "logs": "firebase functions:log"
  },
  "engines": {
    "node": "18"
  },
  "main": "index.js",
  "dependencies": {
    "cors": "^2.8.5",
    "express": "^4.18.2",
    "firebase-admin": "^11.8.0",
    "firebase-functions": "^4.3.1",
    "stripe": "^14.3.0"
  },
  "devDependencies": {
    "eslint": "^8.15.0",
    "eslint-config-google": "^0.14.0",
    "firebase-functions-test": "^3.1.0"
  },
  "private": true
}
[debug] [2023-11-09T10:01:28.569Z] Building nodejs source
[debug] [2023-11-09T10:01:28.569Z] Failed to find version of module node: reached end of search path D:\dev_react.js\amazon-clone-1.0\functions\node_modules
[info] +  functions: Using node@18 from host. 
[debug] [2023-11-09T10:01:28.571Z] Could not find functions.yaml. Must use http discovery
[debug] [2023-11-09T10:01:28.588Z] Found firebase-functions binary at 'D:\dev_react.js\amazon-clone-1.0\functions\node_modules\.bin\firebase-functions'
[info] Serving at port 8277

[debug] [2023-11-09T10:01:29.388Z] Got response from /__/functions.yaml {"endpoints":{"api":{"platform":"gcfv1","availableMemoryMb":null,"timeoutSeconds":null,"minInstances":null,"maxInstances":null,"ingressSettings":null,"serviceAccountEmail":null,"vpc":null,"httpsTrigger":{},"entryPoint":"api"}},"specVersion":"v1alpha1","requiredAPIs":[]}
[info] +  functions: Loaded functions definitions from source: api. {"metadata":{"emulator":{"name":"functions"},"message":"Loaded functions definitions from source: api."}}
[debug] [2023-11-09T10:01:31.932Z] File D:\dev_react.js\amazon-clone-1.0\functions\index.js changed, reloading triggers {"metadata":{"emulator":{"name":"functions"},"message":"File D:\\dev_react.js\\amazon-clone-1.0\\functions\\index.js changed, reloading triggers"}}
[debug] [2023-11-09T10:01:32.937Z] Validating nodejs source
[debug] [2023-11-09T10:01:34.208Z] > [functions] package.json contents: {
  "name": "functions",
  "description": "Cloud Functions for Firebase",
  "scripts": {
    "lint": "eslint .",
    "serve": "firebase emulators:start --only functions",
    "shell": "firebase functions:shell",
    "start": "npm run shell",
    "deploy": "firebase deploy --only functions",
    "logs": "firebase functions:log"
  },
  "engines": {
    "node": "18"
  },
  "main": "index.js",
  "dependencies": {
    "cors": "^2.8.5",
    "express": "^4.18.2",
    "firebase-admin": "^11.8.0",
    "firebase-functions": "^4.3.1",
    "stripe": "^14.3.0"
  },
  "devDependencies": {
    "eslint": "^8.15.0",
    "eslint-config-google": "^0.14.0",
    "firebase-functions-test": "^3.1.0"
  },
  "private": true
}
[debug] [2023-11-09T10:01:34.208Z] Building nodejs source
[debug] [2023-11-09T10:01:34.208Z] Failed to find version of module node: reached end of search path D:\dev_react.js\amazon-clone-1.0\functions\node_modules
[info] +  functions: Using node@18 from host. 
[debug] [2023-11-09T10:01:34.210Z] Could not find functions.yaml. Must use http discovery
[debug] [2023-11-09T10:01:34.225Z] Found firebase-functions binary at 'D:\dev_react.js\amazon-clone-1.0\functions\node_modules\.bin\firebase-functions'
[info] Serving at port 8564

[error] D:\dev_react.js\amazon-clone-1.0\functions\index.js:35
    }
    ^

SyntaxError: missing ) after argument list
    at Object.compileFunction (node:vm:352:18)
    at wrapSafe (node:internal/modules/cjs/loader:1033:15)
    at Module._compile (node:internal/modules/cjs/loader:1069:27)
    at Module._extensions..js (node:internal/modules/cjs/loader:1159:10)
    at Module.load (node:internal/modules/cjs/loader:981:32)
    at Module._load (node:internal/modules/cjs/loader:827:12)
    at Module.require (node:internal/modules/cjs/loader:1005:19)
    at require (node:internal/modules/cjs/helpers:102:18)
    at loadModule (D:\dev_react.js\amazon-clone-1.0\functions\node_modules\firebase-functions\lib\runtime\loader.js:40:16)
    at loadStack (D:\dev_react.js\amazon-clone-1.0\functions\node_modules\firebase-functions\lib\runtime\loader.js:93:23)

[debug] [2023-11-09T10:01:34.550Z] Got response code 400; body Failed to generate manifest from function source: SyntaxError: missing ) after argument list
[error] !!  functions: Failed to load function definition from source: FirebaseError: Functions codebase could not be analyzed successfully. It may have a syntax or runtime error {"metadata":{"emulator":{"name":"functions"},"message":"Failed to load function definition from source: FirebaseError: Functions codebase could not be analyzed successfully. It may have a syntax or runtime error"}}
[debug] [2023-11-09T10:08:15.449Z] File D:\dev_react.js\amazon-clone-1.0\functions\index.js changed, reloading triggers {"metadata":{"emulator":{"name":"functions"},"message":"File D:\\dev_react.js\\amazon-clone-1.0\\functions\\index.js changed, reloading triggers"}}
[debug] [2023-11-09T10:08:16.453Z] Validating nodejs source
[debug] [2023-11-09T10:08:17.704Z] > [functions] package.json contents: {
  "name": "functions",
  "description": "Cloud Functions for Firebase",
  "scripts": {
    "lint": "eslint .",
    "serve": "firebase emulators:start --only functions",
    "shell": "firebase functions:shell",
    "start": "npm run shell",
    "deploy": "firebase deploy --only functions",
    "logs": "firebase functions:log"
  },
  "engines": {
    "node": "18"
  },
  "main": "index.js",
  "dependencies": {
    "cors": "^2.8.5",
    "express": "^4.18.2",
    "firebase-admin": "^11.8.0",
    "firebase-functions": "^4.3.1",
    "stripe": "^14.3.0"
  },
  "devDependencies": {
    "eslint": "^8.15.0",
    "eslint-config-google": "^0.14.0",
    "firebase-functions-test": "^3.1.0"
  },
  "private": true
}
[debug] [2023-11-09T10:08:17.705Z] Building nodejs source
[debug] [2023-11-09T10:08:17.705Z] Failed to find version of module node: reached end of search path D:\dev_react.js\amazon-clone-1.0\functions\node_modules
[info] +  functions: Using node@18 from host. 
[debug] [2023-11-09T10:08:17.707Z] Could not find functions.yaml. Must use http discovery
[debug] [2023-11-09T10:08:17.725Z] Found firebase-functions binary at 'D:\dev_react.js\amazon-clone-1.0\functions\node_modules\.bin\firebase-functions'
[info] Serving at port 8022

[error] D:\dev_react.js\amazon-clone-1.0\functions\index.js:35
    }
    ^

SyntaxError: missing ) after argument list
    at Object.compileFunction (node:vm:352:18)
    at wrapSafe (node:internal/modules/cjs/loader:1033:15)
    at Module._compile (node:internal/modules/cjs/loader:1069:27)
    at Module._extensions..js (node:internal/modules/cjs/loader:1159:10)
    at Module.load (node:internal/modules/cjs/loader:981:32)
    at Module._load (node:internal/modules/cjs/loader:827:12)
    at Module.require (node:internal/modules/cjs/loader:1005:19)
    at require (node:internal/modules/cjs/helpers:102:18)
    at loadModule (D:\dev_react.js\amazon-clone-1.0\functions\node_modules\firebase-functions\lib\runtime\loader.js:40:16)
    at loadStack (D:\dev_react.js\amazon-clone-1.0\functions\node_modules\firebase-functions\lib\runtime\loader.js:93:23)

[debug] [2023-11-09T10:08:18.074Z] Got response code 400; body Failed to generate manifest from function source: SyntaxError: missing ) after argument list
[error] !!  functions: Failed to load function definition from source: FirebaseError: Functions codebase could not be analyzed successfully. It may have a syntax or runtime error {"metadata":{"emulator":{"name":"functions"},"message":"Failed to load function definition from source: FirebaseError: Functions codebase could not be analyzed successfully. It may have a syntax or runtime error"}}
[debug] [2023-11-09T10:08:20.711Z] File D:\dev_react.js\amazon-clone-1.0\functions\index.js changed, reloading triggers {"metadata":{"emulator":{"name":"functions"},"message":"File D:\\dev_react.js\\amazon-clone-1.0\\functions\\index.js changed, reloading triggers"}}
[debug] [2023-11-09T10:08:21.719Z] Validating nodejs source
[debug] [2023-11-09T10:08:22.969Z] > [functions] package.json contents: {
  "name": "functions",
  "description": "Cloud Functions for Firebase",
  "scripts": {
    "lint": "eslint .",
    "serve": "firebase emulators:start --only functions",
    "shell": "firebase functions:shell",
    "start": "npm run shell",
    "deploy": "firebase deploy --only functions",
    "logs": "firebase functions:log"
  },
  "engines": {
    "node": "18"
  },
  "main": "index.js",
  "dependencies": {
    "cors": "^2.8.5",
    "express": "^4.18.2",
    "firebase-admin": "^11.8.0",
    "firebase-functions": "^4.3.1",
    "stripe": "^14.3.0"
  },
  "devDependencies": {
    "eslint": "^8.15.0",
    "eslint-config-google": "^0.14.0",
    "firebase-functions-test": "^3.1.0"
  },
  "private": true
}
[debug] [2023-11-09T10:08:22.969Z] Building nodejs source
[debug] [2023-11-09T10:08:22.969Z] Failed to find version of module node: reached end of search path D:\dev_react.js\amazon-clone-1.0\functions\node_modules
[info] +  functions: Using node@18 from host. 
[debug] [2023-11-09T10:08:22.971Z] Could not find functions.yaml. Must use http discovery
[debug] [2023-11-09T10:08:22.987Z] Found firebase-functions binary at 'D:\dev_react.js\amazon-clone-1.0\functions\node_modules\.bin\firebase-functions'
[info] Serving at port 8395

[error] D:\dev_react.js\amazon-clone-1.0\functions\index.js:35
    }
    ^

SyntaxError: missing ) after argument list
    at Object.compileFunction (node:vm:352:18)
    at wrapSafe (node:internal/modules/cjs/loader:1033:15)
    at Module._compile (node:internal/modules/cjs/loader:1069:27)
    at Module._extensions..js (node:internal/modules/cjs/loader:1159:10)
    at Module.load (node:internal/modules/cjs/loader:981:32)
    at Module._load (node:internal/modules/cjs/loader:827:12)
    at Module.require (node:internal/modules/cjs/loader:1005:19)
    at require (node:internal/modules/cjs/helpers:102:18)
    at loadModule (D:\dev_react.js\amazon-clone-1.0\functions\node_modules\firebase-functions\lib\runtime\loader.js:40:16)
    at loadStack (D:\dev_react.js\amazon-clone-1.0\functions\node_modules\firebase-functions\lib\runtime\loader.js:93:23)

[debug] [2023-11-09T10:08:23.328Z] Got response code 400; body Failed to generate manifest from function source: SyntaxError: missing ) after argument list
[error] !!  functions: Failed to load function definition from source: FirebaseError: Functions codebase could not be analyzed successfully. It may have a syntax or runtime error {"metadata":{"emulator":{"name":"functions"},"message":"Failed to load function definition from source: FirebaseError: Functions codebase could not be analyzed successfully. It may have a syntax or runtime error"}}
[debug] [2023-11-09T10:08:46.550Z] [work-queue] {"queuedWork":["/clone-6764a/us-central1/api/payments/create-2023-11-09T10:08:46.550Z"],"queueLength":1,"runningWork":[],"workRunningCount":0}
[debug] [2023-11-09T10:08:46.550Z] [work-queue] {"queuedWork":[],"queueLength":0,"runningWork":["/clone-6764a/us-central1/api/payments/create-2023-11-09T10:08:46.550Z"],"workRunningCount":1}
[debug] [2023-11-09T10:08:46.551Z] Accepted request POST /clone-6764a/us-central1/api/payments/create?total=0 --> us-central1-api
[debug] [2023-11-09T10:08:46.560Z] [functions] Runtime ready! Sending request! {"metadata":{"emulator":{"name":"functions"},"message":"[functions] Runtime ready! Sending request!"}}
[debug] [2023-11-09T10:08:46.560Z] [functions] Got req.url=/clone-6764a/us-central1/api/payments/create?total=0, mapping to path=/payments/create?total=0 {"metadata":{"emulator":{"name":"functions"},"message":"[functions] Got req.url=/clone-6764a/us-central1/api/payments/create?total=0, mapping to path=/payments/create?total=0"}}
[debug] [2023-11-09T10:08:46.561Z] [worker-pool] Cleaned up workers for us-central1-api: 1 --> 0 {"metadata":{"emulator":{"name":"functions"},"message":"[worker-pool] Cleaned up workers for us-central1-api: 1 --> 0"}}
[debug] [2023-11-09T10:08:46.569Z] [worker-pool] addWorker(us-central1-api) {"metadata":{"emulator":{"name":"functions"},"message":"[worker-pool] addWorker(us-central1-api)"}}
[debug] [2023-11-09T10:08:46.570Z] [worker-pool] Adding worker with key us-central1-api, total=1 {"metadata":{"emulator":{"name":"functions"},"message":"[worker-pool] Adding worker with key us-central1-api, total=1"}}
[debug] [2023-11-09T10:08:48.293Z] [runtime-status] [11220] Resolved module firebase-admin {"declared":true,"installed":true,"version":"11.11.0","resolution":"D:\\dev_react.js\\amazon-clone-1.0\\functions\\node_modules\\firebase-admin\\lib\\index.js"} {"metadata":{"emulator":{"name":"functions"},"function":{"name":"us-central1-api"},"extension":{},"message":"[runtime-status] [11220] Resolved module firebase-admin {\"declared\":true,\"installed\":true,\"version\":\"11.11.0\",\"resolution\":\"D:\\\\dev_react.js\\\\amazon-clone-1.0\\\\functions\\\\node_modules\\\\firebase-admin\\\\lib\\\\index.js\"}"}}
[debug] [2023-11-09T10:08:48.295Z] [runtime-status] [11220] Resolved module firebase-functions {"declared":true,"installed":true,"version":"4.5.0","resolution":"D:\\dev_react.js\\amazon-clone-1.0\\functions\\node_modules\\firebase-functions\\lib\\v1\\index.js"} {"metadata":{"emulator":{"name":"functions"},"function":{"name":"us-central1-api"},"extension":{},"message":"[runtime-status] [11220] Resolved module firebase-functions {\"declared\":true,\"installed\":true,\"version\":\"4.5.0\",\"resolution\":\"D:\\\\dev_react.js\\\\amazon-clone-1.0\\\\functions\\\\node_modules\\\\firebase-functions\\\\lib\\\\v1\\\\index.js\"}"}}
[debug] [2023-11-09T10:08:48.296Z] [runtime-status] [11220] Outgoing network have been stubbed. [{"name":"http","status":"mocked"},{"name":"http","status":"mocked"},{"name":"https","status":"mocked"},{"name":"https","status":"mocked"},{"name":"net","status":"mocked"}] {"metadata":{"emulator":{"name":"functions"},"function":{"name":"us-central1-api"},"extension":{},"message":"[runtime-status] [11220] Outgoing network have been stubbed. [{\"name\":\"http\",\"status\":\"mocked\"},{\"name\":\"http\",\"status\":\"mocked\"},{\"name\":\"https\",\"status\":\"mocked\"},{\"name\":\"https\",\"status\":\"mocked\"},{\"name\":\"net\",\"status\":\"mocked\"}]"}}
[debug] [2023-11-09T10:08:48.298Z] [runtime-status] [11220] Resolved module firebase-functions {"declared":true,"installed":true,"version":"4.5.0","resolution":"D:\\dev_react.js\\amazon-clone-1.0\\functions\\node_modules\\firebase-functions\\lib\\v1\\index.js"} {"metadata":{"emulator":{"name":"functions"},"function":{"name":"us-central1-api"},"extension":{},"message":"[runtime-status] [11220] Resolved module firebase-functions {\"declared\":true,\"installed\":true,\"version\":\"4.5.0\",\"resolution\":\"D:\\\\dev_react.js\\\\amazon-clone-1.0\\\\functions\\\\node_modules\\\\firebase-functions\\\\lib\\\\v1\\\\index.js\"}"}}
[debug] [2023-11-09T10:08:48.722Z] [runtime-status] [11220] Checked functions.config() {"config":{}} {"metadata":{"emulator":{"name":"functions"},"function":{"name":"us-central1-api"},"extension":{},"message":"[runtime-status] [11220] Checked functions.config() {\"config\":{}}"}}
[debug] [2023-11-09T10:08:48.723Z] [runtime-status] [11220] firebase-functions has been stubbed. {"functionsResolution":{"declared":true,"installed":true,"version":"4.5.0","resolution":"D:\\dev_react.js\\amazon-clone-1.0\\functions\\node_modules\\firebase-functions\\lib\\v1\\index.js"}} {"metadata":{"emulator":{"name":"functions"},"function":{"name":"us-central1-api"},"extension":{},"message":"[runtime-status] [11220] firebase-functions has been stubbed. {\"functionsResolution\":{\"declared\":true,\"installed\":true,\"version\":\"4.5.0\",\"resolution\":\"D:\\\\dev_react.js\\\\amazon-clone-1.0\\\\functions\\\\node_modules\\\\firebase-functions\\\\lib\\\\v1\\\\index.js\"}}"}}
[debug] [2023-11-09T10:08:48.723Z] [runtime-status] [11220] Resolved module firebase-functions {"declared":true,"installed":true,"version":"4.5.0","resolution":"D:\\dev_react.js\\amazon-clone-1.0\\functions\\node_modules\\firebase-functions\\lib\\v1\\index.js"} {"metadata":{"emulator":{"name":"functions"},"function":{"name":"us-central1-api"},"extension":{},"message":"[runtime-status] [11220] Resolved module firebase-functions {\"declared\":true,\"installed\":true,\"version\":\"4.5.0\",\"resolution\":\"D:\\\\dev_react.js\\\\amazon-clone-1.0\\\\functions\\\\node_modules\\\\firebase-functions\\\\lib\\\\v1\\\\index.js\"}"}}
[debug] [2023-11-09T10:08:48.725Z] [runtime-status] [11220] Resolved module firebase-admin {"declared":true,"installed":true,"version":"11.11.0","resolution":"D:\\dev_react.js\\amazon-clone-1.0\\functions\\node_modules\\firebase-admin\\lib\\index.js"} {"metadata":{"emulator":{"name":"functions"},"function":{"name":"us-central1-api"},"extension":{},"message":"[runtime-status] [11220] Resolved module firebase-admin {\"declared\":true,\"installed\":true,\"version\":\"11.11.0\",\"resolution\":\"D:\\\\dev_react.js\\\\amazon-clone-1.0\\\\functions\\\\node_modules\\\\firebase-admin\\\\lib\\\\index.js\"}"}}
[debug] [2023-11-09T10:08:48.728Z] [runtime-status] [11220] Resolved module firebase-functions {"declared":true,"installed":true,"version":"4.5.0","resolution":"D:\\dev_react.js\\amazon-clone-1.0\\functions\\node_modules\\firebase-functions\\lib\\v1\\index.js"} {"metadata":{"emulator":{"name":"functions"},"function":{"name":"us-central1-api"},"extension":{},"message":"[runtime-status] [11220] Resolved module firebase-functions {\"declared\":true,\"installed\":true,\"version\":\"4.5.0\",\"resolution\":\"D:\\\\dev_react.js\\\\amazon-clone-1.0\\\\functions\\\\node_modules\\\\firebase-functions\\\\lib\\\\v1\\\\index.js\"}"}}
[debug] [2023-11-09T10:08:48.729Z] [runtime-status] [11220] firebase-admin has been stubbed. {"adminResolution":{"declared":true,"installed":true,"version":"11.11.0","resolution":"D:\\dev_react.js\\amazon-clone-1.0\\functions\\node_modules\\firebase-admin\\lib\\index.js"}} {"metadata":{"emulator":{"name":"functions"},"function":{"name":"us-central1-api"},"extension":{},"message":"[runtime-status] [11220] firebase-admin has been stubbed. {\"adminResolution\":{\"declared\":true,\"installed\":true,\"version\":\"11.11.0\",\"resolution\":\"D:\\\\dev_react.js\\\\amazon-clone-1.0\\\\functions\\\\node_modules\\\\firebase-admin\\\\lib\\\\index.js\"}}"}}
[warn] !  D:\dev_react.js\amazon-clone-1.0\functions\index.js:35
    }
    ^

SyntaxError: missing ) after argument list
    at Object.compileFunction (node:vm:352:18)
    at wrapSafe (node:internal/modules/cjs/loader:1033:15)
    at Module._compile (node:internal/modules/cjs/loader:1069:27)
    at Module._extensions..js (node:internal/modules/cjs/loader:1159:10)
    at Module.load (node:internal/modules/cjs/loader:981:32)
    at Module._load (node:internal/modules/cjs/loader:827:12)
    at Module.require (node:internal/modules/cjs/loader:1005:19)
    at require (node:internal/modules/cjs/helpers:102:18)
    at loadTriggers (C:\Users\vasil\AppData\Roaming\npm\node_modules\firebase-tools\lib\emulator\functionsEmulatorRuntime.js:584:25)
    at main (C:\Users\vasil\AppData\Roaming\npm\node_modules\firebase-tools\lib\emulator\functionsEmulatorRuntime.js:637:32) {"metadata":{"emulator":{"name":"functions"},"function":{"name":"us-central1-api"},"extension":{},"message":"D:\\dev_react.js\\amazon-clone-1.0\\functions\\index.js:35\n    }\n    ^\n\nSyntaxError: missing ) after argument list\n    at Object.compileFunction (node:vm:352:18)\n    at wrapSafe (node:internal/modules/cjs/loader:1033:15)\n    at Module._compile (node:internal/modules/cjs/loader:1069:27)\n    at Module._extensions..js (node:internal/modules/cjs/loader:1159:10)\n    at Module.load (node:internal/modules/cjs/loader:981:32)\n    at Module._load (node:internal/modules/cjs/loader:827:12)\n    at Module.require (node:internal/modules/cjs/loader:1005:19)\n    at require (node:internal/modules/cjs/helpers:102:18)\n    at loadTriggers (C:\\Users\\vasil\\AppData\\Roaming\\npm\\node_modules\\firebase-tools\\lib\\emulator\\functionsEmulatorRuntime.js:584:25)\n    at main (C:\\Users\\vasil\\AppData\\Roaming\\npm\\node_modules\\firebase-tools\\lib\\emulator\\functionsEmulatorRuntime.js:637:32)"}}
[warn] !  We were unable to load your functions code. (see above) {"metadata":{"emulator":{"name":"functions"},"function":{"name":"us-central1-api"},"extension":{}}}
[warn] !  functions: Failed to initialize and load triggers. This shouldn't happen: missing ) after argument list {"metadata":{"emulator":{"name":"functions"},"function":{"name":"us-central1-api"},"extension":{},"message":"Failed to initialize and load triggers. This shouldn't happen: missing ) after argument list"}}
[warn] !  Your function was killed because it raised an unhandled error. {"metadata":{"emulator":{"name":"functions"},"function":{"name":"us-central1-api"},"extension":{},"message":"Your function was killed because it raised an unhandled error."}}
[debug] [2023-11-09T10:08:48.755Z] [worker-us-central1-api-ab0d9eec-215d-45ce-96be-b0965af2719c]: exited {"metadata":{"emulator":{"name":"functions"},"function":{"name":"us-central1-api"},"extension":{},"message":"[worker-us-central1-api-ab0d9eec-215d-45ce-96be-b0965af2719c]: exited"}}
[debug] [2023-11-09T10:08:48.756Z] [worker-us-central1-api-ab0d9eec-215d-45ce-96be-b0965af2719c]: FINISHED {"metadata":{"emulator":{"name":"functions"},"function":{"name":"us-central1-api"},"extension":{},"message":"[worker-us-central1-api-ab0d9eec-215d-45ce-96be-b0965af2719c]: FINISHED"}}
[error] !!  functions: Failed to handle request for function us-central1-api {"metadata":{"emulator":{"name":"functions"},"message":"Failed to handle request for function us-central1-api"}}
[error] !!  functions: Failed to start functions in D:\dev_react.js\amazon-clone-1.0\functions: FirebaseError: Failed to load function. {"metadata":{"emulator":{"name":"functions"},"message":"Failed to start functions in D:\\dev_react.js\\amazon-clone-1.0\\functions: FirebaseError: Failed to load function."}}
[debug] [2023-11-09T10:09:16.672Z] [work-queue] {"queuedWork":[],"queueLength":0,"runningWork":[],"workRunningCount":0}
[debug] [2023-11-09T22:49:48.615Z] File D:\dev_react.js\amazon-clone-1.0\functions\index.js changed, reloading triggers {"metadata":{"emulator":{"name":"functions"},"message":"File D:\\dev_react.js\\amazon-clone-1.0\\functions\\index.js changed, reloading triggers"}}
[debug] [2023-11-09T22:49:49.627Z] Validating nodejs source
[debug] [2023-11-09T22:49:51.855Z] > [functions] package.json contents: {
  "name": "functions",
  "description": "Cloud Functions for Firebase",
  "scripts": {
    "lint": "eslint .",
    "serve": "firebase emulators:start --only functions",
    "shell": "firebase functions:shell",
    "start": "npm run shell",
    "deploy": "firebase deploy --only functions",
    "logs": "firebase functions:log"
  },
  "engines": {
    "node": "18"
  },
  "main": "index.js",
  "dependencies": {
    "cors": "^2.8.5",
    "express": "^4.18.2",
    "firebase-admin": "^11.8.0",
    "firebase-functions": "^4.3.1",
    "stripe": "^14.3.0"
  },
  "devDependencies": {
    "eslint": "^8.15.0",
    "eslint-config-google": "^0.14.0",
    "firebase-functions-test": "^3.1.0"
  },
  "private": true
}
[debug] [2023-11-09T22:49:51.856Z] Building nodejs source
[debug] [2023-11-09T22:49:51.856Z] Failed to find version of module node: reached end of search path D:\dev_react.js\amazon-clone-1.0\functions\node_modules
[info] +  functions: Using node@18 from host. 
[debug] [2023-11-09T22:49:51.858Z] Could not find functions.yaml. Must use http discovery
[debug] [2023-11-09T22:49:51.876Z] Found firebase-functions binary at 'D:\dev_react.js\amazon-clone-1.0\functions\node_modules\.bin\firebase-functions'
[info] Serving at port 8048

[error] D:\dev_react.js\amazon-clone-1.0\functions\index.js:35
    }
    ^

SyntaxError: missing ) after argument list
    at Object.compileFunction (node:vm:352:18)
    at wrapSafe (node:internal/modules/cjs/loader:1033:15)
    at Module._compile (node:internal/modules/cjs/loader:1069:27)
    at Module._extensions..js (node:internal/modules/cjs/loader:1159:10)
    at Module.load (node:internal/modules/cjs/loader:981:32)
    at Module._load (node:internal/modules/cjs/loader:827:12)
    at Module.require (node:internal/modules/cjs/loader:1005:19)
    at require (node:internal/modules/cjs/helpers:102:18)
    at loadModule (D:\dev_react.js\amazon-clone-1.0\functions\node_modules\firebase-functions\lib\runtime\loader.js:40:16)
    at loadStack (D:\dev_react.js\amazon-clone-1.0\functions\node_modules\firebase-functions\lib\runtime\loader.js:93:23)

[debug] [2023-11-09T22:49:54.136Z] Got response code 400; body Failed to generate manifest from function source: SyntaxError: missing ) after argument list
[error] !!  functions: Failed to load function definition from source: FirebaseError: Functions codebase could not be analyzed successfully. It may have a syntax or runtime error {"metadata":{"emulator":{"name":"functions"},"message":"Failed to load function definition from source: FirebaseError: Functions codebase could not be analyzed successfully. It may have a syntax or runtime error"}}
